This is XeTeX, Version 3.141592653-2.6-0.999995 (TeX Live 2023/Debian) (preloaded format=xelatex 2025.3.8)  16 MAR 2025 12:27
entering extended mode
 restricted \write18 enabled.
 %&-line parsing enabled.
**beamer.tex
(./beamer.tex
LaTeX2e <2023-11-01> patch level 1
L3 programming layer <2024-01-22>
(./simplebeamer.cls
Document Class: simplebeamer 2023/1/28 v0.01 SimpleBeamer class
(/usr/share/texlive/texmf-dist/tex/latex/kvoptions/kvoptions.sty
Package: kvoptions 2022-06-15 v3.15 Key value format for package options (HO)

(/usr/share/texlive/texmf-dist/tex/latex/graphics/keyval.sty
Package: keyval 2022/05/29 v1.15 key=value parser (DPC)
\KV@toks@=\toks17
)
(/usr/share/texlive/texmf-dist/tex/generic/ltxcmds/ltxcmds.sty
Package: ltxcmds 2023-12-04 v1.26 LaTeX kernel commands for general use (HO)
)
(/usr/share/texlive/texmf-dist/tex/latex/kvsetkeys/kvsetkeys.sty
Package: kvsetkeys 2022-10-05 v1.19 Key value parser (HO)
))
(/usr/share/texlive/texmf-dist/tex/latex/etoolbox/etoolbox.sty
Package: etoolbox 2020/10/05 v2.5k e-TeX tools for LaTeX (JAW)
\etb@tempcnta=\count183
)
(/usr/share/texlive/texmf-dist/tex/latex/tools/calc.sty
Package: calc 2023/07/08 v4.3 Infix arithmetic (KKT,FJ)
\calc@Acount=\count184
\calc@Bcount=\count185
\calc@Adimen=\dimen140
\calc@Bdimen=\dimen141
\calc@Askip=\skip48
\calc@Bskip=\skip49
LaTeX Info: Redefining \setlength on input line 80.
LaTeX Info: Redefining \addtolength on input line 81.
\calc@Ccount=\count186
\calc@Cskip=\skip50
)
(/usr/share/texlive/texmf-dist/tex/latex/beamer/beamer.cls
Document Class: beamer 2024/01/06 v3.71 A class for typesetting presentations
(/usr/share/texlive/texmf-dist/tex/latex/beamer/beamerbasemodes.sty
\beamer@tempbox=\box51
\beamer@tempcount=\count187
\c@beamerpauses=\count188

(/usr/share/texlive/texmf-dist/tex/latex/beamer/beamerbasedecode.sty
\beamer@slideinframe=\count189
\beamer@minimum=\count190
\beamer@decode@box=\box52
)
\beamer@commentbox=\box53
\beamer@modecount=\count191
)
(/usr/share/texlive/texmf-dist/tex/generic/iftex/iftex.sty
Package: iftex 2022/02/03 v1.0f TeX engine tests
)
\headdp=\dimen142
\footheight=\dimen143
\sidebarheight=\dimen144
\beamer@tempdim=\dimen145
\beamer@finalheight=\dimen146
\beamer@animht=\dimen147
\beamer@animdp=\dimen148
\beamer@animwd=\dimen149
\beamer@leftmargin=\dimen150
\beamer@rightmargin=\dimen151
\beamer@leftsidebar=\dimen152
\beamer@rightsidebar=\dimen153
\beamer@boxsize=\dimen154
\beamer@vboxoffset=\dimen155
\beamer@descdefault=\dimen156
\beamer@descriptionwidth=\dimen157
\beamer@lastskip=\skip51
\beamer@areabox=\box54
\beamer@animcurrent=\box55
\beamer@animshowbox=\box56
\beamer@sectionbox=\box57
\beamer@logobox=\box58
\beamer@linebox=\box59
\beamer@sectioncount=\count192
\beamer@subsubsectionmax=\count193
\beamer@subsectionmax=\count194
\beamer@sectionmax=\count195
\beamer@totalheads=\count196
\beamer@headcounter=\count197
\beamer@partstartpage=\count198
\beamer@sectionstartpage=\count199
\beamer@subsectionstartpage=\count266
\beamer@animationtempa=\count267
\beamer@animationtempb=\count268
\beamer@xpos=\count269
\beamer@ypos=\count270
\beamer@ypos@offset=\count271
\beamer@showpartnumber=\count272
\beamer@currentsubsection=\count273
\beamer@coveringdepth=\count274
\beamer@sectionadjust=\count275
\beamer@toclastsection=\count276
\beamer@tocsectionnumber=\count277

(/usr/share/texlive/texmf-dist/tex/latex/beamer/beamerbaseoptions.sty)
\beamer@paperwidth=\skip52
\beamer@paperheight=\skip53

(/usr/share/texlive/texmf-dist/tex/latex/geometry/geometry.sty
Package: geometry 2020/01/02 v5.9 Page Geometry

(/usr/share/texlive/texmf-dist/tex/generic/iftex/ifvtex.sty
Package: ifvtex 2019/10/25 v1.7 ifvtex legacy package. Use iftex instead.
)
\Gm@cnth=\count278
\Gm@cntv=\count279
\c@Gm@tempcnt=\count280
\Gm@bindingoffset=\dimen158
\Gm@wd@mp=\dimen159
\Gm@odd@mp=\dimen160
\Gm@even@mp=\dimen161
\Gm@layoutwidth=\dimen162
\Gm@layoutheight=\dimen163
\Gm@layouthoffset=\dimen164
\Gm@layoutvoffset=\dimen165
\Gm@dimlist=\toks18
)
(/usr/share/texlive/texmf-dist/tex/latex/pgf/math/pgfmath.sty
(/usr/share/texlive/texmf-dist/tex/latex/pgf/utilities/pgfrcs.sty
(/usr/share/texlive/texmf-dist/tex/generic/pgf/utilities/pgfutil-common.tex
\pgfutil@everybye=\toks19
\pgfutil@tempdima=\dimen166
\pgfutil@tempdimb=\dimen167
)
(/usr/share/texlive/texmf-dist/tex/generic/pgf/utilities/pgfutil-latex.def
\pgfutil@abb=\box60
)
(/usr/share/texlive/texmf-dist/tex/generic/pgf/utilities/pgfrcs.code.tex
(/usr/share/texlive/texmf-dist/tex/generic/pgf/pgf.revision.tex)
Package: pgfrcs 2023-01-15 v3.1.10 (3.1.10)
))
(/usr/share/texlive/texmf-dist/tex/latex/pgf/utilities/pgfkeys.sty
(/usr/share/texlive/texmf-dist/tex/generic/pgf/utilities/pgfkeys.code.tex
\pgfkeys@pathtoks=\toks20
\pgfkeys@temptoks=\toks21

(/usr/share/texlive/texmf-dist/tex/generic/pgf/utilities/pgfkeyslibraryfiltered
.code.tex
\pgfkeys@tmptoks=\toks22
)))
(/usr/share/texlive/texmf-dist/tex/generic/pgf/math/pgfmath.code.tex
(/usr/share/texlive/texmf-dist/tex/generic/pgf/math/pgfmathutil.code.tex
\pgf@x=\dimen168
\pgf@xa=\dimen169
\pgf@xb=\dimen170
\pgf@xc=\dimen171
\pgf@y=\dimen172
\pgf@ya=\dimen173
\pgf@yb=\dimen174
\pgf@yc=\dimen175
\c@pgf@counta=\count281
\c@pgf@countb=\count282
\c@pgf@countc=\count283
\c@pgf@countd=\count284
)
(/usr/share/texlive/texmf-dist/tex/generic/pgf/math/pgfmathparser.code.tex
\pgfmath@dimen=\dimen176
\pgfmath@count=\count285
\pgfmath@box=\box61
\pgfmath@toks=\toks23
\pgfmath@stack@operand=\toks24
\pgfmath@stack@operation=\toks25
)
(/usr/share/texlive/texmf-dist/tex/generic/pgf/math/pgfmathfunctions.code.tex)
(/usr/share/texlive/texmf-dist/tex/generic/pgf/math/pgfmathfunctions.basic.code
.tex)
(/usr/share/texlive/texmf-dist/tex/generic/pgf/math/pgfmathfunctions.trigonomet
ric.code.tex)
(/usr/share/texlive/texmf-dist/tex/generic/pgf/math/pgfmathfunctions.random.cod
e.tex)
(/usr/share/texlive/texmf-dist/tex/generic/pgf/math/pgfmathfunctions.comparison
.code.tex)
(/usr/share/texlive/texmf-dist/tex/generic/pgf/math/pgfmathfunctions.base.code.
tex)
(/usr/share/texlive/texmf-dist/tex/generic/pgf/math/pgfmathfunctions.round.code
.tex)
(/usr/share/texlive/texmf-dist/tex/generic/pgf/math/pgfmathfunctions.misc.code.
tex)
(/usr/share/texlive/texmf-dist/tex/generic/pgf/math/pgfmathfunctions.integerari
thmetics.code.tex)
(/usr/share/texlive/texmf-dist/tex/generic/pgf/math/pgfmathcalc.code.tex)
(/usr/share/texlive/texmf-dist/tex/generic/pgf/math/pgfmathfloat.code.tex
\c@pgfmathroundto@lastzeros=\count286
)))
(/usr/share/texlive/texmf-dist/tex/latex/base/size11.clo
File: size11.clo 2023/05/17 v1.4n Standard LaTeX file (size option)
)
(/usr/share/texlive/texmf-dist/tex/latex/pgf/basiclayer/pgfcore.sty
(/usr/share/texlive/texmf-dist/tex/latex/graphics/graphicx.sty
Package: graphicx 2021/09/16 v1.2d Enhanced LaTeX Graphics (DPC,SPQR)

(/usr/share/texlive/texmf-dist/tex/latex/graphics/graphics.sty
Package: graphics 2022/03/10 v1.4e Standard LaTeX Graphics (DPC,SPQR)

(/usr/share/texlive/texmf-dist/tex/latex/graphics/trig.sty
Package: trig 2021/08/11 v1.11 sin cos tan (DPC)
)
(/usr/share/texlive/texmf-dist/tex/latex/graphics-cfg/graphics.cfg
File: graphics.cfg 2016/06/04 v1.11 sample graphics configuration
)
Package graphics Info: Driver file: xetex.def on input line 107.

(/usr/share/texlive/texmf-dist/tex/latex/graphics-def/xetex.def
File: xetex.def 2022/09/22 v5.0n Graphics/color driver for xetex
))
\Gin@req@height=\dimen177
\Gin@req@width=\dimen178
)
(/usr/share/texlive/texmf-dist/tex/latex/pgf/systemlayer/pgfsys.sty
(/usr/share/texlive/texmf-dist/tex/generic/pgf/systemlayer/pgfsys.code.tex
Package: pgfsys 2023-01-15 v3.1.10 (3.1.10)
\pgf@x=\dimen179
\pgf@y=\dimen180
\pgf@xa=\dimen181
\pgf@ya=\dimen182
\pgf@xb=\dimen183
\pgf@yb=\dimen184
\pgf@xc=\dimen185
\pgf@yc=\dimen186
\pgf@xd=\dimen187
\pgf@yd=\dimen188
\w@pgf@writea=\write3
\r@pgf@reada=\read2
\c@pgf@counta=\count287
\c@pgf@countb=\count288
\c@pgf@countc=\count289
\c@pgf@countd=\count290
\t@pgf@toka=\toks26
\t@pgf@tokb=\toks27
\t@pgf@tokc=\toks28
\pgf@sys@id@count=\count291

(/usr/share/texlive/texmf-dist/tex/generic/pgf/systemlayer/pgf.cfg
File: pgf.cfg 2023-01-15 v3.1.10 (3.1.10)
)
Driver file for pgf: pgfsys-xetex.def

(/usr/share/texlive/texmf-dist/tex/generic/pgf/systemlayer/pgfsys-xetex.def
File: pgfsys-xetex.def 2023-01-15 v3.1.10 (3.1.10)

(/usr/share/texlive/texmf-dist/tex/generic/pgf/systemlayer/pgfsys-dvipdfmx.def
File: pgfsys-dvipdfmx.def 2023-01-15 v3.1.10 (3.1.10)

(/usr/share/texlive/texmf-dist/tex/generic/pgf/systemlayer/pgfsys-common-pdf.de
f
File: pgfsys-common-pdf.def 2023-01-15 v3.1.10 (3.1.10)
)
\pgfsys@objnum=\count292
)))
(/usr/share/texlive/texmf-dist/tex/generic/pgf/systemlayer/pgfsyssoftpath.code.
tex
File: pgfsyssoftpath.code.tex 2023-01-15 v3.1.10 (3.1.10)
\pgfsyssoftpath@smallbuffer@items=\count293
\pgfsyssoftpath@bigbuffer@items=\count294
)
(/usr/share/texlive/texmf-dist/tex/generic/pgf/systemlayer/pgfsysprotocol.code.
tex
File: pgfsysprotocol.code.tex 2023-01-15 v3.1.10 (3.1.10)
)) (/usr/share/texlive/texmf-dist/tex/latex/xcolor/xcolor.sty
Package: xcolor 2023/11/15 v3.01 LaTeX color extensions (UK)

(/usr/share/texlive/texmf-dist/tex/latex/graphics-cfg/color.cfg
File: color.cfg 2016/01/02 v1.6 sample color configuration
)
Package xcolor Info: Driver file: xetex.def on input line 274.

(/usr/share/texlive/texmf-dist/tex/latex/graphics/mathcolor.ltx)
Package xcolor Info: Model `cmy' substituted by `cmy0' on input line 1350.
Package xcolor Info: Model `RGB' extended on input line 1366.
Package xcolor Info: Model `HTML' substituted by `rgb' on input line 1368.
Package xcolor Info: Model `Hsb' substituted by `hsb' on input line 1369.
Package xcolor Info: Model `tHsb' substituted by `hsb' on input line 1370.
Package xcolor Info: Model `HSB' substituted by `hsb' on input line 1371.
Package xcolor Info: Model `Gray' substituted by `gray' on input line 1372.
Package xcolor Info: Model `wave' substituted by `hsb' on input line 1373.
)
(/usr/share/texlive/texmf-dist/tex/generic/pgf/basiclayer/pgfcore.code.tex
Package: pgfcore 2023-01-15 v3.1.10 (3.1.10)

(/usr/share/texlive/texmf-dist/tex/generic/pgf/math/pgfint.code.tex)
(/usr/share/texlive/texmf-dist/tex/generic/pgf/basiclayer/pgfcorepoints.code.te
x
File: pgfcorepoints.code.tex 2023-01-15 v3.1.10 (3.1.10)
\pgf@picminx=\dimen189
\pgf@picmaxx=\dimen190
\pgf@picminy=\dimen191
\pgf@picmaxy=\dimen192
\pgf@pathminx=\dimen193
\pgf@pathmaxx=\dimen194
\pgf@pathminy=\dimen195
\pgf@pathmaxy=\dimen196
\pgf@xx=\dimen197
\pgf@xy=\dimen198
\pgf@yx=\dimen199
\pgf@yy=\dimen256
\pgf@zx=\dimen257
\pgf@zy=\dimen258
)
(/usr/share/texlive/texmf-dist/tex/generic/pgf/basiclayer/pgfcorepathconstruct.
code.tex
File: pgfcorepathconstruct.code.tex 2023-01-15 v3.1.10 (3.1.10)
\pgf@path@lastx=\dimen259
\pgf@path@lasty=\dimen260
)
(/usr/share/texlive/texmf-dist/tex/generic/pgf/basiclayer/pgfcorepathusage.code
.tex
File: pgfcorepathusage.code.tex 2023-01-15 v3.1.10 (3.1.10)
\pgf@shorten@end@additional=\dimen261
\pgf@shorten@start@additional=\dimen262
)
(/usr/share/texlive/texmf-dist/tex/generic/pgf/basiclayer/pgfcorescopes.code.te
x
File: pgfcorescopes.code.tex 2023-01-15 v3.1.10 (3.1.10)
\pgfpic=\box62
\pgf@hbox=\box63
\pgf@layerbox@main=\box64
\pgf@picture@serial@count=\count295
)
(/usr/share/texlive/texmf-dist/tex/generic/pgf/basiclayer/pgfcoregraphicstate.c
ode.tex
File: pgfcoregraphicstate.code.tex 2023-01-15 v3.1.10 (3.1.10)
\pgflinewidth=\dimen263
)
(/usr/share/texlive/texmf-dist/tex/generic/pgf/basiclayer/pgfcoretransformation
s.code.tex
File: pgfcoretransformations.code.tex 2023-01-15 v3.1.10 (3.1.10)
\pgf@pt@x=\dimen264
\pgf@pt@y=\dimen265
\pgf@pt@temp=\dimen266
)
(/usr/share/texlive/texmf-dist/tex/generic/pgf/basiclayer/pgfcorequick.code.tex
File: pgfcorequick.code.tex 2023-01-15 v3.1.10 (3.1.10)
)
(/usr/share/texlive/texmf-dist/tex/generic/pgf/basiclayer/pgfcoreobjects.code.t
ex
File: pgfcoreobjects.code.tex 2023-01-15 v3.1.10 (3.1.10)
)
(/usr/share/texlive/texmf-dist/tex/generic/pgf/basiclayer/pgfcorepathprocessing
.code.tex
File: pgfcorepathprocessing.code.tex 2023-01-15 v3.1.10 (3.1.10)
)
(/usr/share/texlive/texmf-dist/tex/generic/pgf/basiclayer/pgfcorearrows.code.te
x
File: pgfcorearrows.code.tex 2023-01-15 v3.1.10 (3.1.10)
\pgfarrowsep=\dimen267
)
(/usr/share/texlive/texmf-dist/tex/generic/pgf/basiclayer/pgfcoreshade.code.tex
File: pgfcoreshade.code.tex 2023-01-15 v3.1.10 (3.1.10)
\pgf@max=\dimen268
\pgf@sys@shading@range@num=\count296
\pgf@shadingcount=\count297
)
(/usr/share/texlive/texmf-dist/tex/generic/pgf/basiclayer/pgfcoreimage.code.tex
File: pgfcoreimage.code.tex 2023-01-15 v3.1.10 (3.1.10)
)
(/usr/share/texlive/texmf-dist/tex/generic/pgf/basiclayer/pgfcoreexternal.code.
tex
File: pgfcoreexternal.code.tex 2023-01-15 v3.1.10 (3.1.10)
\pgfexternal@startupbox=\box65
)
(/usr/share/texlive/texmf-dist/tex/generic/pgf/basiclayer/pgfcorelayers.code.te
x
File: pgfcorelayers.code.tex 2023-01-15 v3.1.10 (3.1.10)
)
(/usr/share/texlive/texmf-dist/tex/generic/pgf/basiclayer/pgfcoretransparency.c
ode.tex
File: pgfcoretransparency.code.tex 2023-01-15 v3.1.10 (3.1.10)
)
(/usr/share/texlive/texmf-dist/tex/generic/pgf/basiclayer/pgfcorepatterns.code.
tex
File: pgfcorepatterns.code.tex 2023-01-15 v3.1.10 (3.1.10)
)
(/usr/share/texlive/texmf-dist/tex/generic/pgf/basiclayer/pgfcorerdf.code.tex
File: pgfcorerdf.code.tex 2023-01-15 v3.1.10 (3.1.10)
))) (/usr/share/texlive/texmf-dist/tex/latex/pgf/utilities/xxcolor.sty
Package: xxcolor 2003/10/24 ver 0.1
\XC@nummixins=\count298
\XC@countmixins=\count299
)
(/usr/share/texlive/texmf-dist/tex/latex/base/atbegshi-ltx.sty
Package: atbegshi-ltx 2021/01/10 v1.0c Emulation of the original atbegshi
package with kernel methods
)
(/usr/share/texlive/texmf-dist/tex/latex/hyperref/hyperref.sty
Package: hyperref 2024-01-20 v7.01h Hypertext links for LaTeX

(/usr/share/texlive/texmf-dist/tex/generic/kvdefinekeys/kvdefinekeys.sty
Package: kvdefinekeys 2019-12-19 v1.6 Define keys (HO)
)
(/usr/share/texlive/texmf-dist/tex/generic/pdfescape/pdfescape.sty
Package: pdfescape 2019/12/09 v1.15 Implements pdfTeX's escape features (HO)

(/usr/share/texlive/texmf-dist/tex/generic/pdftexcmds/pdftexcmds.sty
Package: pdftexcmds 2020-06-27 v0.33 Utility functions of pdfTeX for LuaTeX (HO
)

(/usr/share/texlive/texmf-dist/tex/generic/infwarerr/infwarerr.sty
Package: infwarerr 2019/12/03 v1.5 Providing info/warning/error messages (HO)
)
Package pdftexcmds Info: \pdf@primitive is available.
Package pdftexcmds Info: \pdf@ifprimitive is available.
Package pdftexcmds Info: \pdfdraftmode not found.
))
(/usr/share/texlive/texmf-dist/tex/latex/hycolor/hycolor.sty
Package: hycolor 2020-01-27 v1.10 Color options for hyperref/bookmark (HO)
)
(/usr/share/texlive/texmf-dist/tex/latex/auxhook/auxhook.sty
Package: auxhook 2019-12-17 v1.6 Hooks for auxiliary files (HO)
)
(/usr/share/texlive/texmf-dist/tex/latex/hyperref/nameref.sty
Package: nameref 2023-11-26 v2.56 Cross-referencing by name of section

(/usr/share/texlive/texmf-dist/tex/latex/refcount/refcount.sty
Package: refcount 2019/12/15 v3.6 Data extraction from label references (HO)
)
(/usr/share/texlive/texmf-dist/tex/generic/gettitlestring/gettitlestring.sty
Package: gettitlestring 2019/12/15 v1.6 Cleanup title references (HO)
)
\c@section@level=\count300
)
\@linkdim=\dimen269
\Hy@linkcounter=\count301
\Hy@pagecounter=\count302

(/usr/share/texlive/texmf-dist/tex/latex/hyperref/pd1enc.def
File: pd1enc.def 2024-01-20 v7.01h Hyperref: PDFDocEncoding definition (HO)
)
(/usr/share/texlive/texmf-dist/tex/generic/intcalc/intcalc.sty
Package: intcalc 2019/12/15 v1.3 Expandable calculations with integers (HO)
)
\Hy@SavedSpaceFactor=\count303

(/usr/share/texlive/texmf-dist/tex/latex/hyperref/puenc.def
File: puenc.def 2024-01-20 v7.01h Hyperref: PDF Unicode definition (HO)
)
Package hyperref Info: Option `bookmarks' set `true' on input line 4062.
Package hyperref Info: Option `bookmarksopen' set `true' on input line 4062.
Package hyperref Info: Option `implicit' set `false' on input line 4062.
Package hyperref Info: Hyper figures OFF on input line 4179.
Package hyperref Info: Link nesting OFF on input line 4184.
Package hyperref Info: Hyper index ON on input line 4187.
Package hyperref Info: Plain pages OFF on input line 4194.
Package hyperref Info: Backreferencing OFF on input line 4199.
Package hyperref Info: Implicit mode OFF; no redefinition of LaTeX internals.
Package hyperref Info: Bookmarks ON on input line 4446.
\c@Hy@tempcnt=\count304

(/usr/share/texlive/texmf-dist/tex/latex/url/url.sty
\Urlmuskip=\muskip16
Package: url 2013/09/16  ver 3.4  Verb mode for urls, etc.
)
LaTeX Info: Redefining \url on input line 4784.
\XeTeXLinkMargin=\dimen270

(/usr/share/texlive/texmf-dist/tex/generic/bitset/bitset.sty
Package: bitset 2019/12/09 v1.3 Handle bit-vector datatype (HO)

(/usr/share/texlive/texmf-dist/tex/generic/bigintcalc/bigintcalc.sty
Package: bigintcalc 2019/12/15 v1.5 Expandable calculations on big integers (HO
)
))
\Fld@menulength=\count305
\Field@Width=\dimen271
\Fld@charsize=\dimen272
Package hyperref Info: Hyper figures OFF on input line 6063.
Package hyperref Info: Link nesting OFF on input line 6068.
Package hyperref Info: Hyper index ON on input line 6071.
Package hyperref Info: backreferencing OFF on input line 6078.
Package hyperref Info: Link coloring OFF on input line 6083.
Package hyperref Info: Link coloring with OCG OFF on input line 6088.
Package hyperref Info: PDF/A mode OFF on input line 6093.
\Hy@abspage=\count306


Package hyperref Message: Stopped early.

)
Package hyperref Info: Driver (autodetected): hxetex.
 (/usr/share/texlive/texmf-dist/tex/latex/hyperref/hxetex.def
File: hxetex.def 2024-01-20 v7.01h Hyperref driver for XeTeX

(/usr/share/texlive/texmf-dist/tex/generic/stringenc/stringenc.sty
Package: stringenc 2019/11/29 v1.12 Convert strings between diff. encodings (HO
)
)
\pdfm@box=\box66
\c@Hy@AnnotLevel=\count307
\HyField@AnnotCount=\count308
\Fld@listcount=\count309
\c@bookmark@seq@number=\count310

(/usr/share/texlive/texmf-dist/tex/latex/rerunfilecheck/rerunfilecheck.sty
Package: rerunfilecheck 2022-07-10 v1.10 Rerun checks for auxiliary files (HO)

(/usr/share/texlive/texmf-dist/tex/latex/base/atveryend-ltx.sty
Package: atveryend-ltx 2020/08/19 v1.0a Emulation of the original atveryend pac
kage
with kernel methods
)
(/usr/share/texlive/texmf-dist/tex/generic/uniquecounter/uniquecounter.sty
Package: uniquecounter 2019/12/15 v1.4 Provide unlimited unique counter (HO)
)
Package uniquecounter Info: New unique counter `rerunfilecheck' on input line 2
85.
))
(/usr/share/texlive/texmf-dist/tex/latex/beamer/beamerbaserequires.sty
(/usr/share/texlive/texmf-dist/tex/latex/beamer/beamerbasecompatibility.sty)
(/usr/share/texlive/texmf-dist/tex/latex/beamer/beamerbasefont.sty
(/usr/share/texlive/texmf-dist/tex/latex/amsfonts/amssymb.sty
Package: amssymb 2013/01/14 v3.01 AMS font symbols

(/usr/share/texlive/texmf-dist/tex/latex/amsfonts/amsfonts.sty
Package: amsfonts 2013/01/14 v3.01 Basic AMSFonts support
\@emptytoks=\toks29
\symAMSa=\mathgroup4
\symAMSb=\mathgroup5
LaTeX Font Info:    Redeclaring math symbol \hbar on input line 98.
LaTeX Font Info:    Overwriting math alphabet `\mathfrak' in version `bold'
(Font)                  U/euf/m/n --> U/euf/b/n on input line 106.
))
(/usr/share/texlive/texmf-dist/tex/latex/sansmathaccent/sansmathaccent.sty
Package: sansmathaccent 2020/01/31

(/usr/share/texlive/texmf-dist/tex/latex/koma-script/scrlfile.sty
Package: scrlfile 2023/07/07 v3.41 KOMA-Script package (file load hooks)

(/usr/share/texlive/texmf-dist/tex/latex/koma-script/scrlfile-hook.sty
Package: scrlfile-hook 2023/07/07 v3.41 KOMA-Script package (using LaTeX hooks)


(/usr/share/texlive/texmf-dist/tex/latex/koma-script/scrlogo.sty
Package: scrlogo 2023/07/07 v3.41 KOMA-Script package (logo)
)))))
(/usr/share/texlive/texmf-dist/tex/latex/beamer/beamerbasetranslator.sty
(/usr/share/texlive/texmf-dist/tex/latex/translator/translator.sty
Package: translator 2021-05-31 v1.12d Easy translation of strings in LaTeX
))
(/usr/share/texlive/texmf-dist/tex/latex/beamer/beamerbasemisc.sty)
(/usr/share/texlive/texmf-dist/tex/latex/beamer/beamerbasetwoscreens.sty)
(/usr/share/texlive/texmf-dist/tex/latex/beamer/beamerbaseoverlay.sty
\beamer@argscount=\count311
\beamer@lastskipcover=\skip54
\beamer@trivlistdepth=\count312
)
(/usr/share/texlive/texmf-dist/tex/latex/beamer/beamerbasetitle.sty)
(/usr/share/texlive/texmf-dist/tex/latex/beamer/beamerbasesection.sty
\c@lecture=\count313
\c@part=\count314
\c@section=\count315
\c@subsection=\count316
\c@subsubsection=\count317
)
(/usr/share/texlive/texmf-dist/tex/latex/beamer/beamerbaseframe.sty
\beamer@framebox=\box67
\beamer@frametitlebox=\box68
\beamer@zoombox=\box69
\beamer@zoomcount=\count318
\beamer@zoomframecount=\count319
\beamer@frametextheight=\dimen273
\c@subsectionslide=\count320
\beamer@frametopskip=\skip55
\beamer@framebottomskip=\skip56
\beamer@frametopskipautobreak=\skip57
\beamer@framebottomskipautobreak=\skip58
\beamer@envbody=\toks30
\framewidth=\dimen274
\c@framenumber=\count321
)
(/usr/share/texlive/texmf-dist/tex/latex/beamer/beamerbaseverbatim.sty
\beamer@verbatimfileout=\write4
)
(/usr/share/texlive/texmf-dist/tex/latex/beamer/beamerbaseframesize.sty
\beamer@splitbox=\box70
\beamer@autobreakcount=\count322
\beamer@autobreaklastheight=\dimen275
\beamer@frametitletoks=\toks31
\beamer@framesubtitletoks=\toks32
)
(/usr/share/texlive/texmf-dist/tex/latex/beamer/beamerbaseframecomponents.sty
\beamer@footins=\box71
)
(/usr/share/texlive/texmf-dist/tex/latex/beamer/beamerbasecolor.sty)
(/usr/share/texlive/texmf-dist/tex/latex/beamer/beamerbasenotes.sty
\beamer@frameboxcopy=\box72
)
(/usr/share/texlive/texmf-dist/tex/latex/beamer/beamerbasetoc.sty)
(/usr/share/texlive/texmf-dist/tex/latex/beamer/beamerbasetemplates.sty
\beamer@sbttoks=\toks33

(/usr/share/texlive/texmf-dist/tex/latex/beamer/beamerbaseauxtemplates.sty
(/usr/share/texlive/texmf-dist/tex/latex/beamer/beamerbaseboxes.sty
\bmb@box=\box73
\bmb@colorbox=\box74
\bmb@boxwidth=\dimen276
\bmb@boxheight=\dimen277
\bmb@prevheight=\dimen278
\bmb@temp=\dimen279
\bmb@dima=\dimen280
\bmb@dimb=\dimen281
\bmb@prevheight=\dimen282
)
\beamer@blockheadheight=\dimen283
))
(/usr/share/texlive/texmf-dist/tex/latex/beamer/beamerbaselocalstructure.sty
(/usr/share/texlive/texmf-dist/tex/latex/tools/enumerate.sty
Package: enumerate 2023/07/04 v3.00 enumerate extensions (DPC)
\@enLab=\toks34
)
\beamer@bibiconwidth=\skip59
\c@figure=\count323
\c@table=\count324
\abovecaptionskip=\skip60
\belowcaptionskip=\skip61
)
(/usr/share/texlive/texmf-dist/tex/latex/beamer/beamerbasenavigation.sty
(/usr/share/texlive/texmf-dist/tex/latex/beamer/beamerbasenavigationsymbols.tex
)
\beamer@section@min@dim=\dimen284
) (/usr/share/texlive/texmf-dist/tex/latex/beamer/beamerbasetheorems.sty
(/usr/share/texlive/texmf-dist/tex/latex/amsmath/amsmath.sty
Package: amsmath 2023/05/13 v2.17o AMS math features
\@mathmargin=\skip62

For additional information on amsmath, use the `?' option.
(/usr/share/texlive/texmf-dist/tex/latex/amsmath/amstext.sty
Package: amstext 2021/08/26 v2.01 AMS text

(/usr/share/texlive/texmf-dist/tex/latex/amsmath/amsgen.sty
File: amsgen.sty 1999/11/30 v2.0 generic functions
\@emptytoks=\toks35
\ex@=\dimen285
))
(/usr/share/texlive/texmf-dist/tex/latex/amsmath/amsbsy.sty
Package: amsbsy 1999/11/29 v1.2d Bold Symbols
\pmbraise@=\dimen286
)
(/usr/share/texlive/texmf-dist/tex/latex/amsmath/amsopn.sty
Package: amsopn 2022/04/08 v2.04 operator names
)
\inf@bad=\count325
LaTeX Info: Redefining \frac on input line 234.
\uproot@=\count326
\leftroot@=\count327
LaTeX Info: Redefining \overline on input line 399.
LaTeX Info: Redefining \colon on input line 410.
\classnum@=\count328
\DOTSCASE@=\count329
LaTeX Info: Redefining \ldots on input line 496.
LaTeX Info: Redefining \dots on input line 499.
LaTeX Info: Redefining \cdots on input line 620.
\Mathstrutbox@=\box75
\strutbox@=\box76
LaTeX Info: Redefining \big on input line 722.
LaTeX Info: Redefining \Big on input line 723.
LaTeX Info: Redefining \bigg on input line 724.
LaTeX Info: Redefining \Bigg on input line 725.
\big@size=\dimen287
LaTeX Font Info:    Redeclaring font encoding OML on input line 743.
LaTeX Font Info:    Redeclaring font encoding OMS on input line 744.
\macc@depth=\count330
LaTeX Info: Redefining \bmod on input line 905.
LaTeX Info: Redefining \pmod on input line 910.
LaTeX Info: Redefining \smash on input line 940.
LaTeX Info: Redefining \relbar on input line 970.
LaTeX Info: Redefining \Relbar on input line 971.
\c@MaxMatrixCols=\count331
\dotsspace@=\muskip17
\c@parentequation=\count332
\dspbrk@lvl=\count333
\tag@help=\toks36
\row@=\count334
\column@=\count335
\maxfields@=\count336
\andhelp@=\toks37
\eqnshift@=\dimen288
\alignsep@=\dimen289
\tagshift@=\dimen290
\tagwidth@=\dimen291
\totwidth@=\dimen292
\lineht@=\dimen293
\@envbody=\toks38
\multlinegap=\skip63
\multlinetaggap=\skip64
\mathdisplay@stack=\toks39
LaTeX Info: Redefining \[ on input line 2953.
LaTeX Info: Redefining \] on input line 2954.
)
(/usr/share/texlive/texmf-dist/tex/latex/amscls/amsthm.sty
Package: amsthm 2020/05/29 v2.20.6
\thm@style=\toks40
\thm@bodyfont=\toks41
\thm@headfont=\toks42
\thm@notefont=\toks43
\thm@headpunct=\toks44
\thm@preskip=\skip65
\thm@postskip=\skip66
\thm@headsep=\skip67
\dth@everypar=\toks45
))
(/usr/share/texlive/texmf-dist/tex/latex/beamer/beamerbasethemes.sty))
(/usr/share/texlive/texmf-dist/tex/latex/beamer/beamerthemedefault.sty
(/usr/share/texlive/texmf-dist/tex/latex/beamer/beamerfontthemedefault.sty)
(/usr/share/texlive/texmf-dist/tex/latex/beamer/beamercolorthemedefault.sty)
(/usr/share/texlive/texmf-dist/tex/latex/beamer/beamerinnerthemedefault.sty
\beamer@dima=\dimen294
\beamer@dimb=\dimen295
)
(/usr/share/texlive/texmf-dist/tex/latex/beamer/beamerouterthemedefault.sty)))
(/usr/share/texlive/texmf-dist/tex/latex/framed/framed.sty
Package: framed 2011/10/22 v 0.96: framed or shaded text with page breaks
\OuterFrameSep=\skip68
\fb@frw=\dimen296
\fb@frh=\dimen297
\FrameRule=\dimen298
\FrameSep=\dimen299
)
(/usr/share/texlive/texmf-dist/tex/latex/caption/subcaption.sty
Package: subcaption 2023/07/28 v1.6b Sub-captions (AR)

(/usr/share/texlive/texmf-dist/tex/latex/caption/caption.sty
Package: caption 2023/08/05 v3.6o Customizing captions (AR)

(/usr/share/texlive/texmf-dist/tex/latex/caption/caption3.sty
Package: caption3 2023/07/31 v2.4d caption3 kernel (AR)
\caption@tempdima=\dimen300
\captionmargin=\dimen301
\caption@leftmargin=\dimen302
\caption@rightmargin=\dimen303
\caption@width=\dimen304
\caption@indent=\dimen305
\caption@parindent=\dimen306
\caption@hangindent=\dimen307
Package caption Info: beamer document class detected.

(/usr/share/texlive/texmf-dist/tex/latex/caption/caption-beamer.sto
File: caption-beamer.sto 2022/01/06 v2.0c Adaption of the caption package to th
e beamer document classes (AR)
))
\c@caption@flags=\count337
\c@continuedfloat=\count338
Package caption Info: hyperref package is loaded.
Package caption Info: Hyperref support is turned off
(caption)             because hyperref has stopped early.
)
Package caption Info: New subtype `subfigure' on input line 238.
\c@subfigure=\count339
Package caption Info: New subtype `subtable' on input line 238.
\c@subtable=\count340
)
(/usr/share/texlive/texmf-dist/tex/latex/float/float.sty
Package: float 2001/11/08 v1.3d Float enhancements (AL)
\c@float@type=\count341
\float@exts=\toks46
\float@box=\box77
\@float@everytoks=\toks47
\@floatcapt=\box78
)
(/usr/share/texlive/texmf-dist/tex/latex/animate/animate.sty
Package: animate 2023/06/18 PDF & SVG animations from files and inline graphics


(/usr/share/texlive/texmf-dist/tex/latex/base/ifthen.sty
Package: ifthen 2022/04/13 v1.1d Standard LaTeX ifthen package (DPC)
)
(/usr/share/texlive/texmf-dist/tex/latex/oberdiek/ifdraft.sty
Package: ifdraft 2016/05/16 v1.4 Detect class options draft and final (HO)
)
(/usr/share/texlive/texmf-dist/tex/latex/media9/pdfbase.sty
Package: pdfbase 2022/08/04 v0.55 driver independent access to low-level PDF fe
atures

(/usr/share/texlive/texmf-dist/tex/latex/l3backend/l3backend-xetex.def
File: l3backend-xetex.def 2024-01-04 L3 backend support: XeTeX
\g__graphics_track_int=\count342
\l__pdf_internal_box=\box79
\g__pdf_backend_object_int=\count343
\g__pdf_backend_annotation_int=\count344
\g__pdf_backend_link_int=\count345
)
\g_pbs_page_int=\count346
\g_pbs_obj_int=\count347
\g_pbs_oc_int=\count348
)
(/usr/share/texlive/texmf-dist/tex/latex/zref/zref-abspage.sty
Package: zref-abspage 2023-09-14 v2.35 Module abspage for zref (HO)

(/usr/share/texlive/texmf-dist/tex/latex/zref/zref-base.sty
Package: zref-base 2023-09-14 v2.35 Module base for zref (HO)

(/usr/share/texlive/texmf-dist/tex/generic/etexcmds/etexcmds.sty
Package: etexcmds 2019/12/15 v1.7 Avoid name clashes with e-TeX commands (HO)
)
Package zref Info: New property list: main on input line 767.
Package zref Info: New property: default on input line 768.
Package zref Info: New property: page on input line 769.
)
\c@abspage=\count349
Package zref Info: New property: abspage on input line 67.
)
(/usr/share/texlive/texmf-dist/tex/latex/ocgx2/ocgbase.sty
Package: ocgbase 2022/08/04 v0.22 support package for ocgx2.sty
\g_ocgbase_nd_int=\count350
)
\@anim@box=\box80
\@anim@measbox=\box81
\@anim@tmpdima=\dimen308
\@anim@tmpdimb=\dimen309
\@anim@num=\count351
\@anim@curframe=\count352
\@anim@curframe@zb=\count353
\@anim@resizeflags=\count354
\@anim@skipfram=\count355
\@anim@mulframecnt=\count356
\@anim@@tmlnfile=\read3
\@anim@tmpcnt=\count357
\c@@anim@ltxcnt=\count358
\@anim@curlayer=\count359
\@anim@lineno=\count360
\@anim@curfield=\count361
\@anim@@resizeflags=\count362
)
(/usr/share/texlive/texmf-dist/tex/latex/algorithms/algorithm.sty
Invalid UTF-8 byte or sequence at line 11 replaced by U+FFFD.
Package: algorithm 2009/08/24 v0.1 Document Style `algorithm' - floating enviro
nment
\@float@every@algorithm=\toks48
\c@algorithm=\count363
)
(/usr/share/texlive/texmf-dist/tex/latex/algorithms/algorithmic.sty
Invalid UTF-8 byte or sequence at line 11 replaced by U+FFFD.
Package: algorithmic 2009/08/24 v0.1 Document Style `algorithmic'
\c@ALC@unique=\count364
\c@ALC@line=\count365
\c@ALC@rem=\count366
\c@ALC@depth=\count367
\ALC@tlm=\skip69
\algorithmicindent=\skip70
)
(/usr/share/texlive/texmf-dist/tex/latex/listings/listings.sty
\lst@mode=\count368
\lst@gtempboxa=\box82
\lst@token=\toks49
\lst@length=\count369
\lst@currlwidth=\dimen310
\lst@column=\count370
\lst@pos=\count371
\lst@lostspace=\dimen311
\lst@width=\dimen312
\lst@newlines=\count372
\lst@lineno=\count373
\lst@maxwidth=\dimen313

(/usr/share/texlive/texmf-dist/tex/latex/listings/lstmisc.sty
File: lstmisc.sty 2023/02/27 1.9 (Carsten Heinz)
\c@lstnumber=\count374
\lst@skipnumbers=\count375
\lst@framebox=\box83
)
(/usr/share/texlive/texmf-dist/tex/latex/listings/listings.cfg
File: listings.cfg 2023/02/27 1.9 listings configuration
))
Package: listings 2023/02/27 1.9 (Carsten Heinz)

(/usr/share/texlive/texmf-dist/tex/latex/listings/lstlang1.sty
File: lstlang1.sty 2023/02/27 1.9 listings language file
)
(/usr/share/texlive/texmf-dist/tex/latex/listings/lstlang2.sty
File: lstlang2.sty 2023/02/27 1.9 listings language file
)
(/usr/share/texlive/texmf-dist/tex/latex/listings/lstlang3.sty
File: lstlang3.sty 2023/02/27 1.9 listings language file
)
(/usr/share/texlive/texmf-dist/tex/latex/listings/lstlang1.sty
File: lstlang1.sty 2023/02/27 1.9 listings language file
)
(/usr/share/texlive/texmf-dist/tex/latex/listings/lstlang2.sty
File: lstlang2.sty 2023/02/27 1.9 listings language file
)
(/usr/share/texlive/texmf-dist/tex/latex/listings/lstlang3.sty
File: lstlang3.sty 2023/02/27 1.9 listings language file
)
(/usr/share/texlive/texmf-dist/tex/latex/listings/lstlang1.sty
File: lstlang1.sty 2023/02/27 1.9 listings language file
)
(/usr/share/texlive/texmf-dist/tex/latex/listings/lstlang2.sty
File: lstlang2.sty 2023/02/27 1.9 listings language file
)
(/usr/share/texlive/texmf-dist/tex/latex/listings/lstlang3.sty
File: lstlang3.sty 2023/02/27 1.9 listings language file
)
(/usr/share/texlive/texmf-dist/tex/latex/listings/lstmisc.sty
File: lstmisc.sty 2023/02/27 1.9 (Carsten Heinz)
)
(/usr/share/texlive/texmf-dist/tex/latex/anyfontsize/anyfontsize.sty
Invalid UTF-8 byte or sequence at line 3 replaced by U+FFFD.
Invalid UTF-8 byte or sequence at line 3 replaced by U+FFFD.
Package: anyfontsize 2007/11/22 anyfontsize.sty by pts
)
(/usr/share/texlive/texmf-dist/tex/latex/silence/silence.sty
Package: silence 2012/07/02 v1.5b Selective filtering of warnings and error mes
sages
\sl@Save=\count376
\sl@StateNumber=\count377
\sl@MessageCount=\count378
\sl@Casualties=\count379
\sl@Filter=\toks50
\sl@Message=\toks51
\sl@UnexpandedMessage=\toks52
\sl@Mess@ge=\toks53
\sl@WarningCount=\count380
\sl@WarningNumber=\count381
\sl@WarningCasualties=\count382
\sl@TempBOW=\toks54
\sl@BankOfWarnings=\toks55
LaTeX Info: Redefining \GenericWarning on input line 433.
\sl@ErrorCount=\count383
\sl@ErrorNumber=\count384
\sl@ErrorCasualties=\count385
\sl@TempBOE=\toks56
\sl@BankOfErrors=\toks57
LaTeX Info: Redefining \GenericError on input line 601.
)
(/usr/share/texlive/texmf-dist/tex/latex/tools/multicol.sty
Package: multicol 2023/03/30 v1.9f multicolumn formatting (FMi)
\c@tracingmulticols=\count386
\mult@box=\box84
\multicol@leftmargin=\dimen314
\c@unbalance=\count387
\c@collectmore=\count388
\doublecol@number=\count389
\multicoltolerance=\count390
\multicolpretolerance=\count391
\full@width=\dimen315
\page@free=\dimen316
\premulticols=\dimen317
\postmulticols=\dimen318
\multicolsep=\skip71
\multicolbaselineskip=\skip72
\partial@page=\box85
\last@line=\box86
\mc@boxedresult=\box87
\maxbalancingoverflow=\dimen319
\mult@rightbox=\box88
\mult@grightbox=\box89
\mult@firstbox=\box90
\mult@gfirstbox=\box91
\@tempa=\box92
\@tempa=\box93
\@tempa=\box94
\@tempa=\box95
\@tempa=\box96
\@tempa=\box97
\@tempa=\box98
\@tempa=\box99
\@tempa=\box100
\@tempa=\box101
\@tempa=\box102
\@tempa=\box103
\@tempa=\box104
\@tempa=\box105
\@tempa=\box106
\@tempa=\box107
\@tempa=\box108
\@tempa=\box109
\@tempa=\box110
\@tempa=\box111
\@tempa=\box112
\@tempa=\box113
\@tempa=\box114
\@tempa=\box115
\@tempa=\box116
\@tempa=\box117
\@tempa=\box118
\@tempa=\box119
\@tempa=\box120
\@tempa=\box121
\@tempa=\box122
\@tempa=\box123
\@tempa=\box124
\@tempa=\box125
\@tempa=\box126
\@tempa=\box127
\c@minrows=\count392
\c@columnbadness=\count393
\c@finalcolumnbadness=\count394
\last@try=\dimen320
\multicolovershoot=\dimen321
\multicolundershoot=\dimen322
\mult@nat@firstbox=\box128
\colbreak@box=\box129
\mc@col@check@num=\count395
)
(/usr/share/texlive/texmf-dist/tex/latex/multirow/multirow.sty
Package: multirow 2021/03/15 v2.8 Span multiple rows of a table
\multirow@colwidth=\skip73
\multirow@cntb=\count396
\multirow@dima=\skip74
\bigstrutjot=\dimen323
)
(/usr/share/texlive/texmf-dist/tex/latex/biblatex/biblatex.sty
Package: biblatex 2023/03/05 v3.19 programmable bibliographies (PK/MW)

(/usr/share/texlive/texmf-dist/tex/latex/logreq/logreq.sty
Package: logreq 2010/08/04 v1.0 xml request logger
\lrq@indent=\count397

(/usr/share/texlive/texmf-dist/tex/latex/logreq/logreq.def
File: logreq.def 2010/08/04 v1.0 logreq spec v1.0
))
\c@tabx@nest=\count398
\c@listtotal=\count399
\c@listcount=\count400
\c@liststart=\count401
\c@liststop=\count402
\c@citecount=\count403
\c@citetotal=\count404
\c@multicitecount=\count405
\c@multicitetotal=\count406
\c@instcount=\count407
\c@maxnames=\count408
\c@minnames=\count409
\c@maxitems=\count410
\c@minitems=\count411
\c@citecounter=\count412
\c@maxcitecounter=\count413
\c@savedcitecounter=\count414
\c@uniquelist=\count415
\c@uniquename=\count416
\c@refsection=\count417
\c@refsegment=\count418
\c@maxextratitle=\count419
\c@maxextratitleyear=\count420
\c@maxextraname=\count421
\c@maxextradate=\count422
\c@maxextraalpha=\count423
\c@abbrvpenalty=\count424
\c@highnamepenalty=\count425
\c@lownamepenalty=\count426
\c@maxparens=\count427
\c@parenlevel=\count428
\blx@tempcnta=\count429
\blx@tempcntb=\count430
\blx@tempcntc=\count431
\c@blx@maxsection=\count432
\blx@maxsegment@0=\count433
\blx@notetype=\count434
\blx@parenlevel@text=\count435
\blx@parenlevel@foot=\count436
\blx@sectionciteorder@0=\count437
\blx@sectionciteorderinternal@0=\count438
\blx@entrysetcounter=\count439
\blx@biblioinstance=\count440
\labelnumberwidth=\skip75
\labelalphawidth=\skip76
\biblabelsep=\skip77
\bibitemsep=\skip78
\bibnamesep=\skip79
\bibinitsep=\skip80
\bibparsep=\skip81
\bibhang=\skip82
\blx@bcfin=\read4
\blx@bcfout=\write5
\blx@langwohyphens=\language89
\c@mincomprange=\count441
\c@maxcomprange=\count442
\c@mincompwidth=\count443
Package biblatex Info: Trying to load biblatex default data model...
Package biblatex Info: ... file 'blx-dm.def' found.

(/usr/share/texlive/texmf-dist/tex/latex/biblatex/blx-dm.def
File: blx-dm.def 2023/03/05 v3.19 biblatex localization (PK/MW)
)
Package biblatex Info: Trying to load biblatex citestyle data model...
Package biblatex Info: ... file 'numeric-comp.dbx' not found.
Package biblatex Info: Trying to load biblatex bibstyle data model...
Package biblatex Info: ... file 'numeric.dbx' not found.
Package biblatex Info: Trying to load biblatex custom data model...
Package biblatex Info: ... file 'biblatex-dm.cfg' not found.
\c@afterword=\count444
\c@savedafterword=\count445
\c@annotator=\count446
\c@savedannotator=\count447
\c@author=\count448
\c@savedauthor=\count449
\c@bookauthor=\count450
\c@savedbookauthor=\count451
\c@commentator=\count452
\c@savedcommentator=\count453
\c@editor=\count454
\c@savededitor=\count455
\c@editora=\count456
\c@savededitora=\count457
\c@editorb=\count458
\c@savededitorb=\count459
\c@editorc=\count460
\c@savededitorc=\count461
\c@foreword=\count462
\c@savedforeword=\count463
\c@holder=\count464
\c@savedholder=\count465
\c@introduction=\count466
\c@savedintroduction=\count467
\c@namea=\count468
\c@savednamea=\count469
\c@nameb=\count470
\c@savednameb=\count471
\c@namec=\count472
\c@savednamec=\count473
\c@translator=\count474
\c@savedtranslator=\count475
\c@shortauthor=\count476
\c@savedshortauthor=\count477
\c@shorteditor=\count478
\c@savedshorteditor=\count479
\c@labelname=\count480
\c@savedlabelname=\count481
\c@institution=\count482
\c@savedinstitution=\count483
\c@lista=\count484
\c@savedlista=\count485
\c@listb=\count486
\c@savedlistb=\count487
\c@listc=\count488
\c@savedlistc=\count489
\c@listd=\count490
\c@savedlistd=\count491
\c@liste=\count492
\c@savedliste=\count493
\c@listf=\count494
\c@savedlistf=\count495
\c@location=\count496
\c@savedlocation=\count497
\c@organization=\count498
\c@savedorganization=\count499
\c@origlocation=\count500
\c@savedoriglocation=\count501
\c@origpublisher=\count502
\c@savedorigpublisher=\count503
\c@publisher=\count504
\c@savedpublisher=\count505
\c@language=\count506
\c@savedlanguage=\count507
\c@origlanguage=\count508
\c@savedoriglanguage=\count509
\c@pageref=\count510
\c@savedpageref=\count511
\shorthandwidth=\skip83
\shortjournalwidth=\skip84
\shortserieswidth=\skip85
\shorttitlewidth=\skip86
\shortauthorwidth=\skip87
\shorteditorwidth=\skip88
\locallabelnumberwidth=\skip89
\locallabelalphawidth=\skip90
\localshorthandwidth=\skip91
\localshortjournalwidth=\skip92
\localshortserieswidth=\skip93
\localshorttitlewidth=\skip94
\localshortauthorwidth=\skip95
\localshorteditorwidth=\skip96
Package biblatex Info: Trying to load enhanced support for Unicode engines...
Package biblatex Info: ... file 'blx-unicode.def' found.

(/usr/share/texlive/texmf-dist/tex/latex/biblatex/blx-unicode.def)
Package biblatex Info: Trying to load compatibility code...
Package biblatex Info: ... file 'blx-compat.def' found.

(/usr/share/texlive/texmf-dist/tex/latex/biblatex/blx-compat.def
File: blx-compat.def 2023/03/05 v3.19 biblatex compatibility (PK/MW)
)
Package biblatex Info: Trying to load generic definitions...
Package biblatex Info: ... file 'biblatex.def' found.

(/usr/share/texlive/texmf-dist/tex/latex/biblatex/biblatex.def
File: biblatex.def 2023/03/05 v3.19 biblatex compatibility (PK/MW)
\c@textcitecount=\count512
\c@textcitetotal=\count513
\c@textcitemaxnames=\count514
\c@biburlbigbreakpenalty=\count515
\c@biburlbreakpenalty=\count516
\c@biburlnumpenalty=\count517
\c@biburlucpenalty=\count518
\c@biburllcpenalty=\count519
\biburlbigskip=\muskip18
\biburlnumskip=\muskip19
\biburlucskip=\muskip20
\biburllcskip=\muskip21
\c@smartand=\count520
)
Package biblatex Info: Trying to load bibliography style 'numeric'...
Package biblatex Info: ... file 'numeric.bbx' found.

(/usr/share/texlive/texmf-dist/tex/latex/biblatex/bbx/numeric.bbx
File: numeric.bbx 2023/03/05 v3.19 biblatex bibliography style (PK/MW)
Package biblatex Info: Trying to load bibliography style 'standard'...
Package biblatex Info: ... file 'standard.bbx' found.

(/usr/share/texlive/texmf-dist/tex/latex/biblatex/bbx/standard.bbx
File: standard.bbx 2023/03/05 v3.19 biblatex bibliography style (PK/MW)
\c@bbx:relatedcount=\count521
\c@bbx:relatedtotal=\count522
))
Package biblatex Info: Trying to load citation style 'numeric-comp'...
Package biblatex Info: ... file 'numeric-comp.cbx' found.

(/usr/share/texlive/texmf-dist/tex/latex/biblatex/cbx/numeric-comp.cbx
File: numeric-comp.cbx 2023/03/05 v3.19 biblatex citation style (PK/MW)
\c@cbx@tempcnta=\count523
\c@cbx@tempcntb=\count524
\c@cbx@tempcntc=\count525
\c@cbx@tempcntd=\count526
Package biblatex Info: Redefining '\cite'.
Package biblatex Info: Redefining '\parencite'.
Package biblatex Info: Redefining '\footcite'.
Package biblatex Info: Redefining '\footcitetext'.
Package biblatex Info: Redefining '\smartcite'.
Package biblatex Info: Redefining '\supercite'.
Package biblatex Info: Redefining '\textcite'.
Package biblatex Info: Redefining '\textcites'.
Package biblatex Info: Redefining '\cites'.
Package biblatex Info: Redefining '\parencites'.
Package biblatex Info: Redefining '\smartcites'.
)
Package biblatex Info: Trying to load configuration file...
Package biblatex Info: ... file 'biblatex.cfg' found.

(/usr/share/texlive/texmf-dist/tex/latex/biblatex/biblatex.cfg
File: biblatex.cfg 
)
Package biblatex Info: XeTeX detected.
(biblatex)             Assuming input encoding 'utf8'.
Package biblatex Info: Document encoding is UTF8 ....

(/usr/share/texlive/texmf-dist/tex/latex/l3kernel/expl3.sty
Package: expl3 2024-01-22 L3 programming layer (loader) 
)
Package biblatex Info: ... and expl3
(biblatex)             2024-01-22 L3 programming layer (loader) 
(biblatex)             is new enough (at least 2020/04/06),
(biblatex)             setting 'casechanger=expl3'.

(/usr/share/texlive/texmf-dist/tex/latex/biblatex/blx-case-expl3.sty
(/usr/share/texlive/texmf-dist/tex/latex/l3packages/xparse/xparse.sty
Package: xparse 2023-10-10 L3 Experimental document command parser
)
Package: blx-case-expl3 2023/03/05 v3.19 expl3 case changing code for biblatex
))
(/usr/share/texlive/texmf-dist/tex/latex/cleveref/cleveref.sty
Package: cleveref 2018/03/27 v0.21.4 Intelligent cross-referencing
Package cleveref Info: `amsthm' support loaded on input line 3026.
Package cleveref Info: `listings' support loaded on input line 3131.
Package cleveref Info: always capitalise cross-reference names on input line 78
25.
Package cleveref Info: always capitalise cross-reference names on input line 78
52.
)
(/usr/share/texlive/texmf-dist/tex/latex/beamer/beamerfontthemeprofessionalfont
s.sty)
(/usr/share/texlive/texmf-dist/tex/latex/beamertheme-metropolis/beamerthememetr
opolis.sty
Package: beamerthememetropolis 2017/01/23 v1.2 Metropolis Beamer theme
 (/usr/share/texlive/texmf-dist/tex/latex/pgfopts/pgfopts.sty
Package: pgfopts 2014/07/10 v2.1a LaTeX package options with pgfkeys
\pgfopts@list@add@a@toks=\toks58
\pgfopts@list@add@b@toks=\toks59
)
(/usr/share/texlive/texmf-dist/tex/latex/beamertheme-metropolis/beamerinnerthem
emetropolis.sty
Package: beamerinnerthememetropolis 2017/01/23 Metropolis inner theme

(/usr/share/texlive/texmf-dist/tex/latex/pgf/frontendlayer/tikz.sty
(/usr/share/texlive/texmf-dist/tex/latex/pgf/basiclayer/pgf.sty
Package: pgf 2023-01-15 v3.1.10 (3.1.10)

(/usr/share/texlive/texmf-dist/tex/generic/pgf/modules/pgfmoduleshapes.code.tex
File: pgfmoduleshapes.code.tex 2023-01-15 v3.1.10 (3.1.10)
\pgfnodeparttextbox=\box130
) (/usr/share/texlive/texmf-dist/tex/generic/pgf/modules/pgfmoduleplot.code.tex
File: pgfmoduleplot.code.tex 2023-01-15 v3.1.10 (3.1.10)
)
(/usr/share/texlive/texmf-dist/tex/latex/pgf/compatibility/pgfcomp-version-0-65
.sty
Package: pgfcomp-version-0-65 2023-01-15 v3.1.10 (3.1.10)
\pgf@nodesepstart=\dimen324
\pgf@nodesepend=\dimen325
)
(/usr/share/texlive/texmf-dist/tex/latex/pgf/compatibility/pgfcomp-version-1-18
.sty
Package: pgfcomp-version-1-18 2023-01-15 v3.1.10 (3.1.10)
)) (/usr/share/texlive/texmf-dist/tex/latex/pgf/utilities/pgffor.sty
(/usr/share/texlive/texmf-dist/tex/generic/pgf/utilities/pgffor.code.tex
Package: pgffor 2023-01-15 v3.1.10 (3.1.10)
\pgffor@iter=\dimen326
\pgffor@skip=\dimen327
\pgffor@stack=\toks60
\pgffor@toks=\toks61
))
(/usr/share/texlive/texmf-dist/tex/generic/pgf/frontendlayer/tikz/tikz.code.tex
Package: tikz 2023-01-15 v3.1.10 (3.1.10)

(/usr/share/texlive/texmf-dist/tex/generic/pgf/libraries/pgflibraryplothandlers
.code.tex
File: pgflibraryplothandlers.code.tex 2023-01-15 v3.1.10 (3.1.10)
\pgf@plot@mark@count=\count527
\pgfplotmarksize=\dimen328
)
\tikz@lastx=\dimen329
\tikz@lasty=\dimen330
\tikz@lastxsaved=\dimen331
\tikz@lastysaved=\dimen332
\tikz@lastmovetox=\dimen333
\tikz@lastmovetoy=\dimen334
\tikzleveldistance=\dimen335
\tikzsiblingdistance=\dimen336
\tikz@figbox=\box131
\tikz@figbox@bg=\box132
\tikz@tempbox=\box133
\tikz@tempbox@bg=\box134
\tikztreelevel=\count528
\tikznumberofchildren=\count529
\tikznumberofcurrentchild=\count530
\tikz@fig@count=\count531

(/usr/share/texlive/texmf-dist/tex/generic/pgf/modules/pgfmodulematrix.code.tex
File: pgfmodulematrix.code.tex 2023-01-15 v3.1.10 (3.1.10)
\pgfmatrixcurrentrow=\count532
\pgfmatrixcurrentcolumn=\count533
\pgf@matrix@numberofcolumns=\count534
)
\tikz@expandcount=\count535

(/usr/share/texlive/texmf-dist/tex/generic/pgf/frontendlayer/tikz/libraries/tik
zlibrarytopaths.code.tex
File: tikzlibrarytopaths.code.tex 2023-01-15 v3.1.10 (3.1.10)
)))
\metropolis@titleseparator@linewidth=\skip97
\metropolis@progressonsectionpage=\skip98
\metropolis@progressonsectionpage@linewidth=\skip99
\metropolis@blocksep=\skip100
\metropolis@blockadjust=\skip101
\metropolis@parskip=\skip102
)
(/usr/share/texlive/texmf-dist/tex/latex/beamertheme-metropolis/beamerouterthem
emetropolis.sty
Package: beamerouterthememetropolis 2017/01/23 Metropolis outer theme
\metropolis@frametitle@padding=\skip103
\metropolis@progressinheadfoot=\skip104
\metropolis@progressinheadfoot@linewidth=\skip105
)
(/usr/share/texlive/texmf-dist/tex/latex/beamertheme-metropolis/beamercolorthem
emetropolis.sty
Package: beamercolorthememetropolis 2017/01/23 Metropolis color theme
)
(/usr/share/texlive/texmf-dist/tex/latex/beamertheme-metropolis/beamerfonttheme
metropolis.sty
Package: beamerfontthememetropolis 2017/01/23 Metropolis font theme
 (/usr/share/texlive/texmf-dist/tex/generic/iftex/ifxetex.sty
Package: ifxetex 2019/10/25 v0.7 ifxetex legacy package. Use iftex instead.
)
(/usr/share/texlive/texmf-dist/tex/generic/iftex/ifluatex.sty
Package: ifluatex 2019/10/25 v1.5 ifluatex legacy package. Use iftex instead.
)
(/usr/share/texlive/texmf-dist/tex/latex/fontspec/fontspec.sty
Package: fontspec 2022/01/15 v2.8a Font selection for XeLaTeX and LuaLaTeX

(/usr/share/texlive/texmf-dist/tex/latex/fontspec/fontspec-xetex.sty
Package: fontspec-xetex 2022/01/15 v2.8a Font selection for XeLaTeX and LuaLaTe
X
\l__fontspec_script_int=\count536
\l__fontspec_language_int=\count537
\l__fontspec_strnum_int=\count538
\l__fontspec_tmp_int=\count539
\l__fontspec_tmpa_int=\count540
\l__fontspec_tmpb_int=\count541
\l__fontspec_tmpc_int=\count542
\l__fontspec_em_int=\count543
\l__fontspec_emdef_int=\count544
\l__fontspec_strong_int=\count545
\l__fontspec_strongdef_int=\count546
\l__fontspec_tmpa_dim=\dimen337
\l__fontspec_tmpb_dim=\dimen338
\l__fontspec_tmpc_dim=\dimen339

(/usr/share/texlive/texmf-dist/tex/latex/base/fontenc.sty
Package: fontenc 2021/04/29 v2.0v Standard LaTeX package
)
(/usr/share/texlive/texmf-dist/tex/latex/fontspec/fontspec.cfg)))
\c@fontsnotfound=\count547


Package beamerthememetropolis Warning: Could not find Fira Sans fonts on input 
line 95.


Package beamerthememetropolis Warning: Could not find Fira Mono fonts on input 
line 95.

))
\c@theorem=\count548
\c@lemma=\count549
\c@proposition=\count550
\c@property=\count551
\c@corollary=\count552
\c@definition=\count553
\c@conjecture=\count554
\c@example=\count555
\c@case=\count556
Package hyperref Info: Option `colorlinks' set `true' on input line 409.
 (/usr/share/texlive/texmf-dist/tex/latex/tikz-3dplot/tikz-3dplot.sty
(/usr/share/texlive/texmf-dist/tex/generic/pgf/frontendlayer/tikz/libraries/tik
zlibrarycalc.code.tex
File: tikzlibrarycalc.code.tex 2023-01-15 v3.1.10 (3.1.10)
)
(/usr/share/texlive/texmf-dist/tex/generic/pgf/frontendlayer/tikz/libraries/tik
zlibrary3d.code.tex
File: tikzlibrary3d.code.tex 2023-01-15 v3.1.10 (3.1.10)
)
(/usr/share/texlive/texmf-dist/tex/generic/pgf/frontendlayer/tikz/libraries/tik
zlibraryarrows.code.tex
File: tikzlibraryarrows.code.tex 2023-01-15 v3.1.10 (3.1.10)

(/usr/share/texlive/texmf-dist/tex/generic/pgf/libraries/pgflibraryarrows.code.
tex
File: pgflibraryarrows.code.tex 2023-01-15 v3.1.10 (3.1.10)
\arrowsize=\dimen340
))) (/usr/share/texlive/texmf-dist/tex/latex/tikzscale/tikzscale.sty
Package: tikzscale 2013/05/22 v0.2.6 tikzscale LaTeX package

(/usr/share/texlive/texmf-dist/tex/latex/letltxmacro/letltxmacro.sty
Package: letltxmacro 2019/12/03 v1.6 Let assignment for LaTeX macros (HO)
)
(/usr/share/texlive/texmf-dist/tex/generic/xstring/xstring.sty
(/usr/share/texlive/texmf-dist/tex/generic/xstring/xstring.tex
\xs_counta=\count557
\xs_countb=\count558
)
Package: xstring 2023/08/22 v1.86 String manipulations (CT)
)
\tikzscale@measuredSize=\box135
)
(/usr/share/texlive/texmf-dist/tex/latex/csvsimple/csvsimple.sty
Package: csvsimple 2024/01/19 v2.6.0 LaTeX CSV file processing
)
(/usr/share/texlive/texmf-dist/tex/latex/csvsimple/csvsimple-legacy.sty
Package: csvsimple-legacy 2024/01/19 version 2.6.0 LaTeX2e CSV file processing

(/usr/share/texlive/texmf-dist/tex/latex/tools/shellesc.sty
Package: shellesc 2023/07/08 v1.0d unified shell escape interface for LaTeX
Package shellesc Info: Restricted shell escape enabled on input line 77.
)
\csv@file=\read5
\c@csvinputline=\count559
\c@csvrow=\count560
\c@csvcol=\count561
\csv@out=\write6
)
(/usr/share/texlive/texmf-dist/tex/latex/pgfplots/pgfplots.sty
(/usr/share/texlive/texmf-dist/tex/generic/pgfplots/pgfplots.revision.tex)
Package: pgfplots 2021/05/15 v1.18.1 Data Visualization (1.18.1)

(/usr/share/texlive/texmf-dist/tex/generic/pgfplots/pgfplots.code.tex
(/usr/share/texlive/texmf-dist/tex/generic/pgfplots/pgfplotscore.code.tex
\t@pgfplots@toka=\toks62
\t@pgfplots@tokb=\toks63
\t@pgfplots@tokc=\toks64
\pgfplots@tmpa=\dimen341
\c@pgfplots@coordindex=\count562
\c@pgfplots@scanlineindex=\count563

(/usr/share/texlive/texmf-dist/tex/generic/pgfplots/sys/pgfplotssysgeneric.code
.tex))
(/usr/share/texlive/texmf-dist/tex/generic/pgfplots/libs/pgfplotslibrary.code.t
ex)
(/usr/share/texlive/texmf-dist/tex/generic/pgfplots/oldpgfcompatib/pgfplotsoldp
gfsupp_loader.code.tex
(/usr/share/texlive/texmf-dist/tex/generic/pgf/libraries/pgflibraryfpu.code.tex
)
Package pgfplots: loading complementary utilities for your pgf version...
\t@pgf@toka=\toks65
\t@pgf@tokb=\toks66
\t@pgf@tokc=\toks67

(/usr/share/texlive/texmf-dist/tex/generic/pgfplots/oldpgfcompatib/pgfplotsoldp
gfsupp_pgfutil-common-lists.tex))
(/usr/share/texlive/texmf-dist/tex/generic/pgfplots/util/pgfplotsutil.code.tex
(/usr/share/texlive/texmf-dist/tex/generic/pgfplots/liststructure/pgfplotslists
tructure.code.tex)
(/usr/share/texlive/texmf-dist/tex/generic/pgfplots/liststructure/pgfplotslists
tructureext.code.tex)
(/usr/share/texlive/texmf-dist/tex/generic/pgfplots/liststructure/pgfplotsarray
.code.tex
\c@pgfplotsarray@tmp=\count564
)
(/usr/share/texlive/texmf-dist/tex/generic/pgfplots/liststructure/pgfplotsmatri
x.code.tex)
(/usr/share/texlive/texmf-dist/tex/generic/pgfplots/numtable/pgfplotstableshare
d.code.tex
\c@pgfplotstable@counta=\count565
\t@pgfplotstable@a=\toks68
)
(/usr/share/texlive/texmf-dist/tex/generic/pgfplots/liststructure/pgfplotsdeque
.code.tex)
(/usr/share/texlive/texmf-dist/tex/generic/pgfplots/util/pgfplotsbinary.code.te
x
(/usr/share/texlive/texmf-dist/tex/generic/pgfplots/util/pgfplotsbinary.data.co
de.tex))
(/usr/share/texlive/texmf-dist/tex/generic/pgfplots/util/pgfplotsutil.verb.code
.tex)
(/usr/share/texlive/texmf-dist/tex/generic/pgfplots/libs/pgflibrarypgfplots.sur
fshading.code.tex
\c@pgfplotslibrarysurf@no=\count566

(/usr/share/texlive/texmf-dist/tex/generic/pgfplots/sys/pgflibrarypgfplots.surf
shading.pgfsys-xetex.def
(/usr/share/texlive/texmf-dist/tex/generic/pgfplots/sys/pgflibrarypgfplots.surf
shading.pgfsys-dvipdfmx.def
\c@pgfplotslibrarysurf@streamlen=\count567
))))
(/usr/share/texlive/texmf-dist/tex/generic/pgfplots/util/pgfplotscolormap.code.
tex
(/usr/share/texlive/texmf-dist/tex/generic/pgfplots/util/pgfplotscolor.code.tex
))
(/usr/share/texlive/texmf-dist/tex/generic/pgfplots/pgfplotsstackedplots.code.t
ex)
(/usr/share/texlive/texmf-dist/tex/generic/pgfplots/pgfplotsplothandlers.code.t
ex
(/usr/share/texlive/texmf-dist/tex/generic/pgfplots/pgfplotsmeshplothandler.cod
e.tex
(/usr/share/texlive/texmf-dist/tex/generic/pgfplots/pgfplotsmeshplotimage.code.
tex)))
(/usr/share/texlive/texmf-dist/tex/generic/pgfplots/pgfplots.scaling.code.tex)
(/usr/share/texlive/texmf-dist/tex/generic/pgfplots/pgfplotscoordprocessing.cod
e.tex)
(/usr/share/texlive/texmf-dist/tex/generic/pgfplots/pgfplots.errorbars.code.tex
) (/usr/share/texlive/texmf-dist/tex/generic/pgfplots/pgfplots.markers.code.tex
) (/usr/share/texlive/texmf-dist/tex/generic/pgfplots/pgfplotsticks.code.tex)
(/usr/share/texlive/texmf-dist/tex/generic/pgfplots/pgfplots.paths.code.tex)
(/usr/share/texlive/texmf-dist/tex/generic/pgf/frontendlayer/tikz/libraries/tik
zlibrarydecorations.code.tex
(/usr/share/texlive/texmf-dist/tex/generic/pgf/modules/pgfmoduledecorations.cod
e.tex
\pgfdecoratedcompleteddistance=\dimen342
\pgfdecoratedremainingdistance=\dimen343
\pgfdecoratedinputsegmentcompleteddistance=\dimen344
\pgfdecoratedinputsegmentremainingdistance=\dimen345
\pgf@decorate@distancetomove=\dimen346
\pgf@decorate@repeatstate=\count568
\pgfdecorationsegmentamplitude=\dimen347
\pgfdecorationsegmentlength=\dimen348
)
\tikz@lib@dec@box=\box136
)
(/usr/share/texlive/texmf-dist/tex/generic/pgf/frontendlayer/tikz/libraries/tik
zlibrarydecorations.pathmorphing.code.tex
(/usr/share/texlive/texmf-dist/tex/generic/pgf/libraries/decorations/pgflibrary
decorations.pathmorphing.code.tex))
(/usr/share/texlive/texmf-dist/tex/generic/pgf/frontendlayer/tikz/libraries/tik
zlibrarydecorations.pathreplacing.code.tex
(/usr/share/texlive/texmf-dist/tex/generic/pgf/libraries/decorations/pgflibrary
decorations.pathreplacing.code.tex))
(/usr/share/texlive/texmf-dist/tex/generic/pgfplots/libs/tikzlibrarypgfplots.co
ntourlua.code.tex)
\pgfplots@numplots=\count569
\pgfplots@xmin@reg=\dimen349
\pgfplots@xmax@reg=\dimen350
\pgfplots@ymin@reg=\dimen351
\pgfplots@ymax@reg=\dimen352
\pgfplots@zmin@reg=\dimen353
\pgfplots@zmax@reg=\dimen354
)
(/usr/share/texlive/texmf-dist/tex/generic/pgf/frontendlayer/tikz/libraries/tik
zlibraryplotmarks.code.tex
File: tikzlibraryplotmarks.code.tex 2023-01-15 v3.1.10 (3.1.10)

(/usr/share/texlive/texmf-dist/tex/generic/pgf/libraries/pgflibraryplotmarks.co
de.tex
File: pgflibraryplotmarks.code.tex 2023-01-15 v3.1.10 (3.1.10)
)))
(/usr/share/texlive/texmf-dist/tex/generic/pgfplots/libs/tikzlibrarypgfplots.gr
oupplots.code.tex
\pgfplots@group@current@plot=\count570
\pgfplots@group@current@row=\count571
\pgfplots@group@current@column=\count572
)
(/usr/share/texlive/texmf-dist/tex/generic/pgfplots/libs/tikzlibrarypgfplots.pa
tchplots.code.tex)
(/usr/share/texlive/texmf-dist/tex/generic/pgf/libraries/pgflibraryarrows.meta.
code.tex
File: pgflibraryarrows.meta.code.tex 2023-01-15 v3.1.10 (3.1.10)
\pgfarrowinset=\dimen355
\pgfarrowlength=\dimen356
\pgfarrowwidth=\dimen357
\pgfarrowlinewidth=\dimen358
)
(/usr/share/texlive/texmf-dist/tex/generic/pgf/frontendlayer/tikz/libraries/tik
zlibraryangles.code.tex
File: tikzlibraryangles.code.tex 2023-01-15 v3.1.10 (3.1.10)
)
(/usr/share/texlive/texmf-dist/tex/generic/pgf/frontendlayer/tikz/libraries/tik
zlibraryquotes.code.tex
File: tikzlibraryquotes.code.tex 2023-01-15 v3.1.10 (3.1.10)
)
\pgf@layerbox@background=\box137
\pgf@layerboxsaved@background=\box138
\pgf@layerbox@foreground=\box139
\pgf@layerboxsaved@foreground=\box140
Package pgfplots info on input line 487: Setting layers 'background,main,foregr
ound'...

(/usr/share/texlive/texmf-dist/tex/generic/pgf/frontendlayer/tikz/libraries/tik
zlibrarymatrix.code.tex
File: tikzlibrarymatrix.code.tex 2023-01-15 v3.1.10 (3.1.10)
))
(/usr/share/texlive/texmf-dist/tex/latex/base/inputenc.sty
Package: inputenc 2021/02/14 v1.3d Input encoding file
\inpenc@prehook=\toks69
\inpenc@posthook=\toks70


Package inputenc Warning: inputenc package ignored with utf8 based engines.

) (/usr/share/texlive/texmf-dist/tex/latex/tcolorbox/tcolorbox.sty
Package: tcolorbox 2024/01/10 version 6.2.0 text color boxes

(/usr/share/texlive/texmf-dist/tex/latex/tools/verbatim.sty
Package: verbatim 2023-11-06 v1.5v LaTeX2e package for verbatim enhancements
\every@verbatim=\toks71
\verbatim@line=\toks72
\verbatim@in@stream=\read6
)
(/usr/share/texlive/texmf-dist/tex/latex/environ/environ.sty
Package: environ 2014/05/04 v0.3 A new way to define environments

(/usr/share/texlive/texmf-dist/tex/latex/trimspaces/trimspaces.sty
Package: trimspaces 2009/09/17 v1.1 Trim spaces around a token list
))
\tcb@titlebox=\box141
\tcb@upperbox=\box142
\tcb@lowerbox=\box143
\tcb@phantombox=\box144
\c@tcbbreakpart=\count573
\c@tcblayer=\count574
\c@tcolorbox@number=\count575
\l__tcobox_tmpa_box=\box145
\l__tcobox_tmpa_dim=\dimen359
\tcb@temp=\box146
\tcb@temp=\box147
\tcb@temp=\box148
\tcb@temp=\box149

(/usr/share/texlive/texmf-dist/tex/latex/tcolorbox/tcbraster.code.tex
Library (tcolorbox): 'tcbraster.code.tex' version '6.2.0'
\c@tcbrastercolumn=\count576
\c@tcbrasterrow=\count577
\c@tcbrasternum=\count578
\c@tcbraster=\count579
) (/usr/share/texlive/texmf-dist/tex/latex/tcolorbox/tcbskins.code.tex
Library (tcolorbox): 'tcbskins.code.tex' version '6.2.0'
(/usr/share/texlive/texmf-dist/tex/latex/tikzfill/tikzfill.image.sty
Package: tikzfill.image 2023/08/08 v1.0.1 Image filling library for TikZ

(/usr/share/texlive/texmf-dist/tex/latex/tikzfill/tikzfill-common.sty
Package: tikzfill-common 2023/08/08 v1.0.1 Auxiliary code for tikzfill
)
(/usr/share/texlive/texmf-dist/tex/latex/tikzfill/tikzlibraryfill.image.code.te
x
File: tikzlibraryfill.image.code.tex 2023/08/08 v1.0.1 Image filling library
\l__tikzfill_img_box=\box150
)) (/usr/share/texlive/texmf-dist/tex/latex/tcolorbox/tcbskinsjigsaw.code.tex
Library (tcolorbox): 'tcbskinsjigsaw.code.tex' version '6.2.0'
)) (/usr/share/texlive/texmf-dist/tex/latex/tcolorbox/tcbbreakable.code.tex
Library (tcolorbox): 'tcbbreakable.code.tex' version '6.2.0'
(/usr/share/texlive/texmf-dist/tex/latex/pdfcol/pdfcol.sty
Package: pdfcol 2022-09-21 v1.7 Handle new color stacks for pdfTeX (HO)
Package pdfcol Info: Interface disabled because of missing PDF mode of pdfTeX.
)
Package pdfcol Info: pdfTeX's color stacks are not available.
\tcb@testbox=\box151
\tcb@totalupperbox=\box152
\tcb@totallowerbox=\box153
)
(/usr/share/texlive/texmf-dist/tex/latex/tcolorbox/tcbhooks.code.tex
Library (tcolorbox): 'tcbhooks.code.tex' version '6.2.0'
) (/usr/share/texlive/texmf-dist/tex/latex/tcolorbox/tcbtheorems.code.tex
Library (tcolorbox): 'tcbtheorems.code.tex' version '6.2.0'
) (/usr/share/texlive/texmf-dist/tex/latex/tcolorbox/tcbfitting.code.tex
Library (tcolorbox): 'tcbfitting.code.tex' version '6.2.0'
\tcbfitdim=\dimen360
\tcb@lowerfitdim=\dimen361
\tcb@upperfitdim=\dimen362
\tcb@cur@hbadness=\count580
) (/usr/share/texlive/texmf-dist/tex/latex/tcolorbox/tcblistingsutf8.code.tex
Library (tcolorbox): 'tcblistingsutf8.code.tex' version '6.2.0'
(/usr/share/texlive/texmf-dist/tex/latex/tcolorbox/tcblistings.code.tex
Library (tcolorbox): 'tcblistings.code.tex' version '6.2.0'
(/usr/share/texlive/texmf-dist/tex/latex/tcolorbox/tcblistingscore.code.tex
Library (tcolorbox): 'tcblistingscore.code.tex' version '6.2.0'
(/usr/share/texlive/texmf-dist/tex/latex/tcolorbox/tcbprocessing.code.tex
Library (tcolorbox): 'tcbprocessing.code.tex' version '6.2.0'
)
\c@tcblisting=\count581
))
Package tcolorbox Info: Library `listingsutf8' is compatible with pdftex only. 
Library `listings` is loaded instead. on input line 29.
) (/usr/share/texlive/texmf-dist/tex/latex/tcolorbox/tcbexternal.code.tex
Library (tcolorbox): 'tcbexternal.code.tex' version '6.2.0'
) (/usr/share/texlive/texmf-dist/tex/latex/tcolorbox/tcbmagazine.code.tex
Library (tcolorbox): 'tcbmagazine.code.tex' version '6.2.0'
) (/usr/share/texlive/texmf-dist/tex/latex/tcolorbox/tcbvignette.code.tex
Library (tcolorbox): 'tcbvignette.code.tex' version '6.2.0'

(/usr/share/texlive/texmf-dist/tex/generic/pgf/frontendlayer/tikz/libraries/tik
zlibraryfadings.code.tex
File: tikzlibraryfadings.code.tex 2023-01-15 v3.1.10 (3.1.10)

(/usr/share/texlive/texmf-dist/tex/generic/pgf/libraries/pgflibraryfadings.code
.tex
File: pgflibraryfadings.code.tex 2023-01-15 v3.1.10 (3.1.10)
))) (/usr/share/texlive/texmf-dist/tex/latex/tcolorbox/tcbposter.code.tex
Library (tcolorbox): 'tcbposter.code.tex' version '6.2.0'
)) (/usr/share/texlive/texmf-dist/tex/latex/unicode-math/unicode-math.sty
Package: unicode-math 2023/08/13 v0.8r Unicode maths in XeLaTeX and LuaLaTeX

(/usr/share/texlive/texmf-dist/tex/latex/unicode-math/unicode-math-xetex.sty
Package: unicode-math-xetex 2023/08/13 v0.8r Unicode maths in XeLaTeX and LuaLa
TeX

(/usr/share/texlive/texmf-dist/tex/latex/l3packages/l3keys2e/l3keys2e.sty
Package: l3keys2e 2023-10-10 LaTeX2e option processing using LaTeX3 keys
)
(/usr/share/texlive/texmf-dist/tex/latex/base/fix-cm.sty
Package: fix-cm 2020/11/24 v1.1t fixes to LaTeX

(/usr/share/texlive/texmf-dist/tex/latex/base/ts1enc.def
File: ts1enc.def 2001/06/05 v3.0e (jk/car/fm) Standard LaTeX file
LaTeX Font Info:    Redeclaring font encoding TS1 on input line 47.
))
\g__um_fam_int=\count582
\g__um_fonts_used_int=\count583
\l__um_primecount_int=\count584
\g__um_primekern_muskip=\muskip22

(/usr/share/texlive/texmf-dist/tex/latex/unicode-math/unicode-math-table.tex)))
LaTeX Font Info:    Overwriting math alphabet `\mathrm' in version `normal'
(Font)                  OT1/cmr/m/n --> TU/EBGaramond(1)/m/n on input line 13.
LaTeX Font Info:    Overwriting math alphabet `\mathit' in version `normal'
(Font)                  OT1/cmr/m/it --> TU/EBGaramond(1)/m/it on input line 13
.
LaTeX Font Info:    Overwriting math alphabet `\mathbf' in version `normal'
(Font)                  OT1/cmr/bx/n --> TU/EBGaramond(1)/b/n on input line 13.

LaTeX Font Info:    Overwriting math alphabet `\mathsf' in version `normal'
(Font)                  OT1/cmss/m/n --> TU/LatinModernSans(1)/m/n on input lin
e 14.
LaTeX Font Info:    Overwriting math alphabet `\mathsf' in version `bold'
(Font)                  OT1/cmss/bx/n --> TU/LatinModernSans(1)/b/n on input li
ne 14.
LaTeX Font Info:    Overwriting math alphabet `\mathtt' in version `normal'
(Font)                  OT1/cmtt/m/n --> TU/JuliaMono(1)/m/n on input line 15.
LaTeX Font Info:    Overwriting math alphabet `\mathtt' in version `bold'
(Font)                  OT1/cmtt/m/n --> TU/JuliaMono(1)/b/n on input line 15.
LaTeX Font Info:    Encoding `OT1' has changed to `TU' for symbol font
(Font)              `operators' in the math version `normal' on input line 16.
LaTeX Font Info:    Overwriting symbol font `operators' in version `normal'
(Font)                  OT1/cmr/m/n --> TU/LatinModernMath(1)/m/n on input line
 16.
LaTeX Font Info:    Encoding `OT1' has changed to `TU' for symbol font
(Font)              `operators' in the math version `bold' on input line 16.
LaTeX Font Info:    Overwriting symbol font `operators' in version `bold'
(Font)                  OT1/cmr/bx/n --> TU/LatinModernMath(1)/b/n on input lin
e 16.
LaTeX Font Info:    Encoding `OMS' has changed to `TU' for symbol font
(Font)              `symbols' in the math version `normal' on input line 16.
LaTeX Font Info:    Overwriting symbol font `symbols' in version `normal'
(Font)                  OMS/cmsy/m/n --> TU/LatinModernMath(2)/m/n on input lin
e 16.
LaTeX Font Info:    Encoding `OMS' has changed to `TU' for symbol font
(Font)              `symbols' in the math version `bold' on input line 16.
LaTeX Font Info:    Overwriting symbol font `symbols' in version `bold'
(Font)                  OMS/cmsy/b/n --> TU/LatinModernMath(2)/b/n on input lin
e 16.
LaTeX Font Info:    Encoding `OMX' has changed to `TU' for symbol font
(Font)              `largesymbols' in the math version `normal' on input line 1
6.
LaTeX Font Info:    Overwriting symbol font `largesymbols' in version `normal'
(Font)                  OMX/cmex/m/n --> TU/LatinModernMath(3)/m/n on input lin
e 16.
LaTeX Font Info:    Encoding `OMX' has changed to `TU' for symbol font
(Font)              `largesymbols' in the math version `bold' on input line 16.

LaTeX Font Info:    Overwriting symbol font `largesymbols' in version `bold'
(Font)                  OMX/cmex/m/n --> TU/LatinModernMath(3)/b/n on input lin
e 16.
(/usr/share/texlive/texmf-dist/tex/xelatex/xecjk/xeCJK.sty
Package: xeCJK 2022/08/05 v3.9.1 Typesetting CJK scripts with XeLaTeX

(/usr/share/texlive/texmf-dist/tex/latex/ctex/ctexhook.sty
Package: ctexhook 2022/07/14 v2.5.10 Document and package hooks (CTEX)
)
(/usr/share/texlive/texmf-dist/tex/latex/l3packages/xtemplate/xtemplate.sty
Package: xtemplate 2023-10-10 L3 Experimental prototype document functions
\l__xtemplate_tmp_dim=\dimen363
\l__xtemplate_tmp_int=\count585
\l__xtemplate_tmp_muskip=\muskip23
\l__xtemplate_tmp_skip=\skip106
)
\l__xeCJK_tmp_int=\count586
\l__xeCJK_tmp_box=\box154
\l__xeCJK_tmp_dim=\dimen364
\l__xeCJK_tmp_skip=\skip107
\g__xeCJK_space_factor_int=\count587
\l__xeCJK_begin_int=\count588
\l__xeCJK_end_int=\count589
\c__xeCJK_CJK_class_int=\XeTeXcharclass1
\c__xeCJK_FullLeft_class_int=\XeTeXcharclass2
\c__xeCJK_FullRight_class_int=\XeTeXcharclass3
\c__xeCJK_HalfLeft_class_int=\XeTeXcharclass4
\c__xeCJK_HalfRight_class_int=\XeTeXcharclass5
\c__xeCJK_NormalSpace_class_int=\XeTeXcharclass6
\c__xeCJK_CM_class_int=\XeTeXcharclass7
\c__xeCJK_HangulJamo_class_int=\XeTeXcharclass8
\l__xeCJK_last_skip=\skip108
\c__xeCJK_none_node=\count590
\g__xeCJK_node_int=\count591
\c__xeCJK_CJK_node_dim=\dimen365
\c__xeCJK_CJK-space_node_dim=\dimen366
\c__xeCJK_default_node_dim=\dimen367
\c__xeCJK_CJK-widow_node_dim=\dimen368
\c__xeCJK_normalspace_node_dim=\dimen369
\c__xeCJK_default-space_node_skip=\skip109
\l__xeCJK_ccglue_skip=\skip110
\l__xeCJK_ecglue_skip=\skip111
\l__xeCJK_punct_kern_skip=\skip112
\l__xeCJK_indent_box=\box155
\l__xeCJK_last_penalty_int=\count592
\l__xeCJK_last_bound_dim=\dimen370
\l__xeCJK_last_kern_dim=\dimen371
\l__xeCJK_widow_penalty_int=\count593

Package xtemplate Info: Declaring object type 'xeCJK/punctuation' taking 0
(xtemplate)             argument(s) on line 2396.

\l__xeCJK_fixed_punct_width_dim=\dimen372
\l__xeCJK_mixed_punct_width_dim=\dimen373
\l__xeCJK_middle_punct_width_dim=\dimen374
\l__xeCJK_fixed_margin_width_dim=\dimen375
\l__xeCJK_mixed_margin_width_dim=\dimen376
\l__xeCJK_middle_margin_width_dim=\dimen377
\l__xeCJK_bound_punct_width_dim=\dimen378
\l__xeCJK_bound_margin_width_dim=\dimen379
\l__xeCJK_margin_minimum_dim=\dimen380
\l__xeCJK_kerning_total_width_dim=\dimen381
\l__xeCJK_same_align_margin_dim=\dimen382
\l__xeCJK_different_align_margin_dim=\dimen383
\l__xeCJK_kerning_margin_width_dim=\dimen384
\l__xeCJK_kerning_margin_minimum_dim=\dimen385
\l__xeCJK_bound_dim=\dimen386
\l__xeCJK_reverse_bound_dim=\dimen387
\l__xeCJK_margin_dim=\dimen388
\l__xeCJK_minimum_bound_dim=\dimen389
\l__xeCJK_kerning_margin_dim=\dimen390
\g__xeCJK_family_int=\count594
\l__xeCJK_fam_int=\count595
\g__xeCJK_fam_allocation_int=\count596
\l__xeCJK_verb_case_int=\count597
\l__xeCJK_verb_exspace_skip=\skip113

(/usr/share/texlive/texmf-dist/tex/xelatex/xecjk/xeCJK-listings.sty
Package: xeCJK-listings 2022/08/05 v3.9.1 xeCJK patch file for listings
\l__xeCJK_listings_max_char_int=\count598
\l__xeCJK_listings_flag_int=\count599
)
(/usr/share/texlive/texmf-dist/tex/xelatex/xecjk/xeCJK.cfg
File: xeCJK.cfg 2022/08/05 v3.9.1 Configuration file for xeCJK package
))
(/usr/share/texlive/texmf-dist/tex/latex/graphics/dvipsnam.def
File: dvipsnam.def 2016/06/17 v3.0m Driver-dependent file (DPC,SPQR)
) (./jlcode.sty
-- Package: `jlcode' 6.1.4 <2023/07/20> --
Package: jlcode 2023/07/20 6.1.4
(/usr/share/texlive/texmf-dist/tex/latex/relsize/relsize.sty
Package: relsize 2013/03/29 ver 4.1
)
\bfem=\skip114
\xmrgn=\skip115
LaTeX Font Info:    Font shape `TU/JuliaMono(2)/m/n' will be
(Font)              scaled to size 9.52644pt on input line 558.
LaTeX Font Info:    Font shape `TU/JuliaMono(2)/m/n' will be
(Font)              scaled to size 6.95996pt on input line 558.
\jlinlem=\skip116
)

Package biblatex Warning: Load 'inputenc' before biblatex.

\@quotelevel=\count600
\@quotereset=\count601

(/usr/share/texlive/texmf-dist/tex/latex/beamertheme-metropolis/pgfplotsthemeto
l.sty
Package: pgfplotsthemetol 2017/01/23 PGFplots colors based on Paul Tol's SRON t
echnical note
)
\tikzscale@accuracy=\skip117
 (./beamer.aux)
\openout1 = `beamer.aux'.

LaTeX Font Info:    Checking defaults for OML/cmm/m/it on input line 75.
LaTeX Font Info:    ... okay on input line 75.
LaTeX Font Info:    Checking defaults for OMS/cmsy/m/n on input line 75.
LaTeX Font Info:    ... okay on input line 75.
LaTeX Font Info:    Checking defaults for OT1/cmr/m/n on input line 75.
LaTeX Font Info:    ... okay on input line 75.
LaTeX Font Info:    Checking defaults for T1/cmr/m/n on input line 75.
LaTeX Font Info:    ... okay on input line 75.
LaTeX Font Info:    Checking defaults for TS1/cmr/m/n on input line 75.
LaTeX Font Info:    ... okay on input line 75.
LaTeX Font Info:    Checking defaults for TU/lmr/m/n on input line 75.
LaTeX Font Info:    ... okay on input line 75.
LaTeX Font Info:    Checking defaults for OMX/cmex/m/n on input line 75.
LaTeX Font Info:    ... okay on input line 75.
LaTeX Font Info:    Checking defaults for U/cmr/m/n on input line 75.
LaTeX Font Info:    ... okay on input line 75.
LaTeX Font Info:    Checking defaults for PD1/pdf/m/n on input line 75.
LaTeX Font Info:    ... okay on input line 75.
LaTeX Font Info:    Checking defaults for PU/pdf/m/n on input line 75.
LaTeX Font Info:    ... okay on input line 75.

*geometry* driver: auto-detecting
*geometry* detected driver: xetex
*geometry* verbose mode - [ preamble ] result:
* driver: xetex
* paper: custom
* layout: <same size as paper>
* layoutoffset:(h,v)=(0.0pt,0.0pt)
* modes: includehead includefoot 
* h-part:(L,W,R)=(28.45274pt, 307.28987pt, 28.45274pt)
* v-part:(T,H,B)=(0.0pt, 273.14662pt, 0.0pt)
* \paperwidth=364.19536pt
* \paperheight=273.14662pt
* \textwidth=307.28987pt
* \textheight=244.6939pt
* \oddsidemargin=-43.81725pt
* \evensidemargin=-43.81725pt
* \topmargin=-72.26999pt
* \headheight=14.22636pt
* \headsep=0.0pt
* \topskip=11.0pt
* \footskip=14.22636pt
* \marginparwidth=4.0pt
* \marginparsep=10.0pt
* \columnsep=10.0pt
* \skip\footins=10.0pt plus 4.0pt minus 2.0pt
* \hoffset=0.0pt
* \voffset=0.0pt
* \mag=1000
* \@twocolumnfalse
* \@twosidefalse
* \@mparswitchfalse
* \@reversemarginfalse
* (1in=72.27pt=25.4mm, 1cm=28.453pt)

Package hyperref Info: Link coloring ON on input line 75.
(./beamer.out) (./beamer.out)
\@outlinefile=\write7
\openout7 = `beamer.out'.


(/usr/share/texlive/texmf-dist/tex/latex/translator/translator-basic-dictionary
-English.dict
Dictionary: translator-basic-dictionary, Language: English 
)
(/usr/share/texlive/texmf-dist/tex/latex/translator/translator-bibliography-dic
tionary-English.dict
Dictionary: translator-bibliography-dictionary, Language: English 
)
(/usr/share/texlive/texmf-dist/tex/latex/translator/translator-environment-dict
ionary-English.dict
Dictionary: translator-environment-dictionary, Language: English 
)
(/usr/share/texlive/texmf-dist/tex/latex/translator/translator-months-dictionar
y-English.dict
Dictionary: translator-months-dictionary, Language: English 
)
(/usr/share/texlive/texmf-dist/tex/latex/translator/translator-numbers-dictiona
ry-English.dict
Dictionary: translator-numbers-dictionary, Language: English 
)
(/usr/share/texlive/texmf-dist/tex/latex/translator/translator-theorem-dictiona
ry-English.dict
Dictionary: translator-theorem-dictionary, Language: English 
)
Package caption Info: Begin \AtBeginDocument code.
Package caption Info: float package is loaded.
Package caption Info: listings package is loaded.
Package caption Info: End \AtBeginDocument code.
\c@lstlisting=\count602
Package biblatex Info: Trying to load language 'english'...
Package biblatex Info: ... file 'english.lbx' found.

(/usr/share/texlive/texmf-dist/tex/latex/biblatex/lbx/english.lbx
File: english.lbx 2023/03/05 v3.19 biblatex localization (PK/MW)
)
Package biblatex Info: XeTeX detected.
(biblatex)             Assuming input encoding 'utf8'.
Package biblatex Info: Automatic encoding selection.
(biblatex)             Assuming data encoding 'utf8'.
\openout5 = `beamer.bcf'.

Package biblatex Info: Trying to load bibliographic data...
Package biblatex Info: ... file 'beamer.bbl' not found.

No file beamer.bbl.
Package biblatex Info: Reference section=0 on input line 75.
Package biblatex Info: Reference segment=0 on input line 75.
Package pgfplots notification 'compat/show suggested version=true': you might b
enefit from \pgfplotsset{compat=1.18} (current compat level: 1.9).

(./beamer.nav)
File: ./img/logo.png Graphic file (type bmp)
<./img/logo.png>

Overfull \vbox (201.26775pt too high) detected at line 77
 []

[1

] (./beamer.toc)
File: ./img/logo.png Graphic file (type bmp)
<./img/logo.png>
 [2

]
LaTeX Font Info:    Font shape `TU/LatinModernMath(2)/m/n' will be
(Font)              scaled to size 10.95116pt on input line 83.
LaTeX Font Info:    Font shape `TU/LatinModernMath(2)/m/n' will be
(Font)              scaled to size 7.6658pt on input line 83.
LaTeX Font Info:    Font shape `TU/LatinModernMath(2)/m/n' will be
(Font)              scaled to size 5.47559pt on input line 83.
LaTeX Font Info:    Font shape `TU/LatinModernMath(3)/m/n' will be
(Font)              scaled to size 10.94882pt on input line 83.
LaTeX Font Info:    Font shape `TU/LatinModernMath(3)/m/n' will be
(Font)              scaled to size 7.66417pt on input line 83.
LaTeX Font Info:    Font shape `TU/LatinModernMath(3)/m/n' will be
(Font)              scaled to size 5.47441pt on input line 83.
LaTeX Font Info:    Trying to load font information for U+msa on input line 83.


(/usr/share/texlive/texmf-dist/tex/latex/amsfonts/umsa.fd
File: umsa.fd 2013/01/14 v3.01 AMS symbols A
)
LaTeX Font Info:    Trying to load font information for U+msb on input line 83.


(/usr/share/texlive/texmf-dist/tex/latex/amsfonts/umsb.fd
File: umsb.fd 2013/01/14 v3.01 AMS symbols B
) [3

]
File: ./img/Mixed_boundary_conditions.png Graphic file (type bmp)
<./img/Mixed_boundary_conditions.png>
File: ./img/logo.png Graphic file (type bmp)
<./img/logo.png>
 [4

]
File: ./img/logo.png Graphic file (type bmp)
<./img/logo.png>
 [5

]
File: ./img/logo.png Graphic file (type bmp)
<./img/logo.png>
 [6

]
File: ./img/001.png Graphic file (type bmp)
<./img/001.png>
File: ./img/002.png Graphic file (type bmp)
<./img/002.png>
File: ./img/logo.png Graphic file (type bmp)
<./img/logo.png>

[7

]
\openout4 = `beamer.vrb'.

 (./beamer.vrb
LaTeX Font Info:    Font shape `TU/JuliaMono(2)/m/n' will be
(Font)              scaled to size 7.82996pt on input line 2.
)
File: ./img/logo.png Graphic file (type bmp)
<./img/logo.png>
 [8

]
\openout4 = `beamer.vrb'.

 (./beamer.vrb)
File: ./img/logo.png Graphic file (type bmp)
<./img/logo.png>
 [9

]
File: ./img/logo.png Graphic file (type bmp)
<./img/logo.png>
 [10

]
File: ./img/logo.png Graphic file (type bmp)
<./img/logo.png>
 [11

]
\openout4 = `beamer.vrb'.

 (./beamer.vrb)
File: ./img/logo.png Graphic file (type bmp)
<./img/logo.png>
 [12

]
\openout4 = `beamer.vrb'.


(./beamer.vrb)
File: ./img/logo.png Graphic file (type bmp)
<./img/logo.png>
 [13

]
File: ./img/002.png Graphic file (type bmp)
<./img/002.png>
File: ./img/003.png Graphic file (type bmp)
<./img/003.png>
File: ./img/logo.png Graphic file (type bmp)
<./img/logo.png>
 [14

] [15

]
File: ./img/004.png Graphic file (type bmp)
<./img/004.png>
File: ./img/logo.png Graphic file (type bmp)
<./img/logo.png>
 [16

]
File: ./img/005.png Graphic file (type bmp)
<./img/005.png>
File: ./img/logo.png Graphic file (type bmp)
<./img/logo.png>
 [17

]
File: ./img/logo.png Graphic file (type bmp)
<./img/logo.png>
 [18

]
File: ./img/logo.png Graphic file (type bmp)
<./img/logo.png>
 [19

]
File: ./img/logo.png Graphic file (type bmp)
<./img/logo.png>
 [20

]
File: ./img/logo.png Graphic file (type bmp)
<./img/logo.png>
 [21

]
File: ./img/018.png Graphic file (type bmp)
<./img/018.png>
LaTeX Font Info:    Font shape `TU/LatinModernMath(2)/m/n' will be
(Font)              scaled to size 9.00096pt on input line 336.
LaTeX Font Info:    Font shape `TU/LatinModernMath(2)/m/n' will be
(Font)              scaled to size 6.00064pt on input line 336.
LaTeX Font Info:    Font shape `TU/LatinModernMath(2)/m/n' will be
(Font)              scaled to size 5.00053pt on input line 336.
LaTeX Font Info:    Font shape `TU/LatinModernMath(3)/m/n' will be
(Font)              scaled to size 8.99904pt on input line 336.
LaTeX Font Info:    Font shape `TU/LatinModernMath(3)/m/n' will be
(Font)              scaled to size 5.99936pt on input line 336.
LaTeX Font Info:    Font shape `TU/LatinModernMath(3)/m/n' will be
(Font)              scaled to size 4.99947pt on input line 336.
File: ./img/019.png Graphic file (type bmp)
<./img/019.png>
File: ./img/logo.png Graphic file (type bmp)
<./img/logo.png>
 [22

]
\openout4 = `beamer.vrb'.

 (./beamer.vrb

Package Listings Warning: Text dropped after begin of listing on input line 2.

)
File: ./img/logo.png Graphic file (type bmp)
<./img/logo.png>
 [23

]
File: ./img/logo.png Graphic file (type bmp)
<./img/logo.png>
 [24

]
File: ./img/logo.png Graphic file (type bmp)
<./img/logo.png>
 [25

]
File: ./img/020.png Graphic file (type bmp)
<./img/020.png>
File: ./img/021.png Graphic file (type bmp)
<./img/021.png>
File: ./img/logo.png Graphic file (type bmp)
<./img/logo.png>
 [26

]
\openout4 = `beamer.vrb'.

 (./beamer.vrb
File: ./img/006.png Graphic file (type bmp)
<./img/006.png>
File: ./img/007.png Graphic file (type bmp)
<./img/007.png>
)
File: ./img/logo.png Graphic file (type bmp)
<./img/logo.png>
 [27

]
\openout4 = `beamer.vrb'.

 (./beamer.vrb
File: ./img/011.png Graphic file (type bmp)
<./img/011.png>
File: ./img/010.png Graphic file (type bmp)
<./img/010.png>
)
File: ./img/logo.png Graphic file (type bmp)
<./img/logo.png>
 [28

]
File: ./img/logo.png Graphic file (type bmp)
<./img/logo.png>
 [29

]
\openout4 = `beamer.vrb'.


(./beamer.vrb)
File: ./img/logo.png Graphic file (type bmp)
<./img/logo.png>
 [30

]
\openout4 = `beamer.vrb'.

 (./beamer.vrb)
File: ./img/logo.png Graphic file (type bmp)
<./img/logo.png>
 [31

]
\openout4 = `beamer.vrb'.

 (./beamer.vrb)
File: ./img/logo.png Graphic file (type bmp)
<./img/logo.png>
 [32

]
\openout4 = `beamer.vrb'.

 (./beamer.vrb
File: ./img/Openscad.png Graphic file (type bmp)
<./img/Openscad.png>
File: ./img/013.png Graphic file (type bmp)
<./img/013.png>
)
File: ./img/logo.png Graphic file (type bmp)
<./img/logo.png>

[33

]
\openout4 = `beamer.vrb'.

 (./beamer.vrb
File: ./img/012.png Graphic file (type bmp)
<./img/012.png>
File: ./img/014.png Graphic file (type bmp)
<./img/014.png>
)
File: ./img/logo.png Graphic file (type bmp)
<./img/logo.png>
 [34

] [35

]

LaTeX Font Warning: Font shape `TU/LatinModernMath(1)/b/n' undefined
(Font)              using `TU/LatinModernMath(1)/m/n' instead on input line 561
.


LaTeX Font Warning: Font shape `TU/LatinModernMath(2)/b/n' undefined
(Font)              using `TU/LatinModernMath(2)/m/n' instead on input line 561
.

LaTeX Font Info:    Font shape `TU/LatinModernMath(2)/b/n' will be
(Font)              scaled to size 7.6658pt on input line 561.
LaTeX Font Info:    Font shape `TU/LatinModernMath(2)/b/n' will be
(Font)              scaled to size 5.47559pt on input line 561.

LaTeX Font Warning: Font shape `TU/LatinModernMath(3)/b/n' undefined
(Font)              using `TU/LatinModernMath(3)/m/n' instead on input line 561
.

LaTeX Font Info:    Font shape `TU/LatinModernMath(3)/b/n' will be
(Font)              scaled to size 7.66417pt on input line 561.
LaTeX Font Info:    Font shape `TU/LatinModernMath(3)/b/n' will be
(Font)              scaled to size 5.47441pt on input line 561.
LaTeX Font Info:    Font shape `TU/LatinModernMath(2)/b/n' will be
(Font)              scaled to size 10.95116pt on input line 561.
LaTeX Font Info:    Font shape `TU/LatinModernMath(3)/b/n' will be
(Font)              scaled to size 10.94882pt on input line 561.
File: ./img/logo.png Graphic file (type bmp)
<./img/logo.png>
[36

]
File: ./img/logo.png Graphic file (type bmp)
<./img/logo.png>
 [37

]
\openout4 = `beamer.vrb'.

 (./beamer.vrb
File: ./img/015.png Graphic file (type bmp)
<./img/015.png>
)
File: ./img/logo.png Graphic file (type bmp)
<./img/logo.png>
 [38

]
\openout4 = `beamer.vrb'.

 (./beamer.vrb)
File: ./img/logo.png Graphic file (type bmp)
<./img/logo.png>
 [39

]
\openout4 = `beamer.vrb'.

 (./beamer.vrb)
File: ./img/logo.png Graphic file (type bmp)
<./img/logo.png>
 [40

]
\openout4 = `beamer.vrb'.


(./beamer.vrb)
File: ./img/logo.png Graphic file (type bmp)
<./img/logo.png>
 [41

]
\openout4 = `beamer.vrb'.

 (./beamer.vrb
File: ./img/016.png Graphic file (type bmp)
<./img/016.png>
)
File: ./img/logo.png Graphic file (type bmp)
<./img/logo.png>
 [42

]
File: ./img/logo.png Graphic file (type bmp)
<./img/logo.png>
 [43

]
File: ./img/logo.png Graphic file (type bmp)
<./img/logo.png>
 [44

]
\openout4 = `beamer.vrb'.

 (./beamer.vrb)
File: ./img/logo.png Graphic file (type bmp)
<./img/logo.png>
 [45

]
\openout4 = `beamer.vrb'.


(./beamer.vrb)
File: ./img/logo.png Graphic file (type bmp)
<./img/logo.png>
 [46

]
\openout4 = `beamer.vrb'.

 (./beamer.vrb
File: ./img/017.png Graphic file (type bmp)
<./img/017.png>
)
File: ./img/logo.png Graphic file (type bmp)
<./img/logo.png>
 [47

]
File: ./img/logo.png Graphic file (type bmp)
<./img/logo.png>
 [48

]
\openout4 = `beamer.vrb'.

 (./beamer.vrb)
File: ./img/logo.png Graphic file (type bmp)
<./img/logo.png>
 [49

]
\openout4 = `beamer.vrb'.

 (./beamer.vrb)
File: ./img/logo.png Graphic file (type bmp)
<./img/logo.png>
[50

]
File: ./img/023.png Graphic file (type bmp)
<./img/023.png>
File: ./img/022.png Graphic file (type bmp)
<./img/022.png>
File: ./img/logo.png Graphic file (type bmp)
<./img/logo.png>
 [51

]
\openout4 = `beamer.vrb'.

 (./beamer.vrb)
File: ./img/logo.png Graphic file (type bmp)
<./img/logo.png>
 [52

]
\openout4 = `beamer.vrb'.

 (./beamer.vrb)
File: ./img/logo.png Graphic file (type bmp)
<./img/logo.png>
 [53

]
\openout4 = `beamer.vrb'.

 (./beamer.vrb)
File: ./img/logo.png Graphic file (type bmp)
<./img/logo.png>
 [54

]
\openout4 = `beamer.vrb'.


(./beamer.vrb)
File: ./img/logo.png Graphic file (type bmp)
<./img/logo.png>
 [55

]
\openout4 = `beamer.vrb'.

 (./beamer.vrb)
File: ./img/logo.png Graphic file (type bmp)
<./img/logo.png>
 [56

]
\openout4 = `beamer.vrb'.

 (./beamer.vrb
File: ./img/025.png Graphic file (type bmp)
<./img/025.png>
File: ./img/024.png Graphic file (type bmp)
<./img/024.png>
)
File: ./img/logo.png Graphic file (type bmp)
<./img/logo.png>
 [57

] [58

]
File: ./img/026.png Graphic file (type bmp)
<./img/026.png>
File: ./img/logo.png Graphic file (type bmp)
<./img/logo.png>
 [59

]
File: ./img/logo.png Graphic file (type bmp)
<./img/logo.png>
 [60

]
\openout4 = `beamer.vrb'.


(./beamer.vrb)
File: ./img/logo.png Graphic file (type bmp)
<./img/logo.png>
 [61

]
\openout4 = `beamer.vrb'.

 (./beamer.vrb)
File: ./img/logo.png Graphic file (type bmp)
<./img/logo.png>
 [62

]
\openout4 = `beamer.vrb'.

 (./beamer.vrb)
File: ./img/logo.png Graphic file (type bmp)
<./img/logo.png>
 [63

]
\openout4 = `beamer.vrb'.

 (./beamer.vrb)
File: ./img/logo.png Graphic file (type bmp)
<./img/logo.png>

[64

]
\openout4 = `beamer.vrb'.

 (./beamer.vrb)
File: ./img/logo.png Graphic file (type bmp)
<./img/logo.png>
 [65

]
\openout4 = `beamer.vrb'.

 (./beamer.vrb)
File: ./img/logo.png Graphic file (type bmp)
<./img/logo.png>
 [66

]
\openout4 = `beamer.vrb'.

 (./beamer.vrb)
File: ./img/logo.png Graphic file (type bmp)
<./img/logo.png>
 [67

]
\openout4 = `beamer.vrb'.

 (./beamer.vrb)
File: ./img/logo.png Graphic file (type bmp)
<./img/logo.png>
[68

]
\openout4 = `beamer.vrb'.

 (./beamer.vrb)
File: ./img/logo.png Graphic file (type bmp)
<./img/logo.png>
 [69

]
File: ./img/027.png Graphic file (type bmp)
<./img/027.png>
File: ./img/logo.png Graphic file (type bmp)
<./img/logo.png>
 [70

]
File: ./img/028.png Graphic file (type bmp)
<./img/028.png>
File: ./img/logo.png Graphic file (type bmp)
<./img/logo.png>
 [71

]
File: ./img/029.png Graphic file (type bmp)
<./img/029.png>
File: ./img/logo.png Graphic file (type bmp)
<./img/logo.png>
 [72

] [73

]
\openout4 = `beamer.vrb'.

 (./beamer.vrb
File: ./img/031.png Graphic file (type bmp)
<./img/031.png>
)
File: ./img/logo.png Graphic file (type bmp)
<./img/logo.png>
 [74

]
File: ./img/prepomax.png Graphic file (type bmp)
<./img/prepomax.png>
File: ./img/logo.png Graphic file (type bmp)
<./img/logo.png>
 [75

]
\openout4 = `beamer.vrb'.


(./beamer.vrb
File: ./img/fem.png Graphic file (type bmp)
<./img/fem.png>
)
File: ./img/logo.png Graphic file (type bmp)
<./img/logo.png>
 [76

]
\openout4 = `beamer.vrb'.

 (./beamer.vrb)
File: ./img/logo.png Graphic file (type bmp)
<./img/logo.png>
 [77

]
\openout4 = `beamer.vrb'.

 (./beamer.vrb)
File: ./img/logo.png Graphic file (type bmp)
<./img/logo.png>
 [78

]
\openout4 = `beamer.vrb'.

 (./beamer.vrb)
File: ./img/logo.png Graphic file (type bmp)
<./img/logo.png>

[79

]
\openout4 = `beamer.vrb'.

 (./beamer.vrb
File: ./img/trame.jpg Graphic file (type bmp)
<./img/trame.jpg>
)
File: ./img/logo.png Graphic file (type bmp)
<./img/logo.png>
 [80

]
\openout4 = `beamer.vrb'.

 (./beamer.vrb)
File: ./img/logo.png Graphic file (type bmp)
<./img/logo.png>
 [81

]
\openout4 = `beamer.vrb'.

 (./beamer.vrb)
File: ./img/logo.png Graphic file (type bmp)
<./img/logo.png>
 [82

]
\openout4 = `beamer.vrb'.

 (./beamer.vrb)
File: ./img/logo.png Graphic file (type bmp)
<./img/logo.png>
[83

]
\openout4 = `beamer.vrb'.

 (./beamer.vrb
Missing character: There is no  (U+2007) in font Latin Modern Sans 10 Regular/
OT:script=latn;language=dflt;mapping=tex-text;!
Missing character: There is no  (U+2007) in font Latin Modern Sans 10 Regular/
OT:script=latn;language=dflt;mapping=tex-text;!
Missing character: There is no  (U+2007) in font Latin Modern Sans 10 Regular/
OT:script=latn;language=dflt;mapping=tex-text;!
Missing character: There is no  (U+2007) in font Latin Modern Sans 10 Regular/
OT:script=latn;language=dflt;mapping=tex-text;!
Missing character: There is no  (U+2007) in font Latin Modern Sans 10 Regular/
OT:script=latn;language=dflt;mapping=tex-text;!
Missing character: There is no  (U+2007) in font Latin Modern Sans 10 Regular/
OT:script=latn;language=dflt;mapping=tex-text;!
Missing character: There is no  (U+2007) in font Latin Modern Sans 10 Regular/
OT:script=latn;language=dflt;mapping=tex-text;!
Missing character: There is no  (U+2007) in font Latin Modern Sans 10 Regular/
OT:script=latn;language=dflt;mapping=tex-text;!
Missing character: There is no  (U+2007) in font Latin Modern Sans 10 Regular/
OT:script=latn;language=dflt;mapping=tex-text;!
Missing character: There is no  (U+2007) in font Latin Modern Sans 10 Regular/
OT:script=latn;language=dflt;mapping=tex-text;!
Missing character: There is no  (U+2007) in font Latin Modern Sans 10 Regular/
OT:script=latn;language=dflt;mapping=tex-text;!
Missing character: There is no  (U+2007) in font Latin Modern Sans 10 Regular/
OT:script=latn;language=dflt;mapping=tex-text;!
Missing character: There is no  (U+2007) in font Latin Modern Sans 8 Regular/O
T:script=latn;language=dflt;mapping=tex-text;!
Missing character: There is no  (U+2007) in font Latin Modern Sans 8 Regular/O
T:script=latn;language=dflt;mapping=tex-text;!
Missing character: There is no  (U+2007) in font Latin Modern Sans 8 Regular/O
T:script=latn;language=dflt;mapping=tex-text;!
Missing character: There is no  (U+2007) in font Latin Modern Sans 8 Regular/O
T:script=latn;language=dflt;mapping=tex-text;!
Missing character: There is no  (U+2007) in font Latin Modern Sans 8 Regular/O
T:script=latn;language=dflt;mapping=tex-text;!
Missing character: There is no  (U+2007) in font Latin Modern Sans 8 Regular/O
T:script=latn;language=dflt;mapping=tex-text;!
Missing character: There is no  (U+2007) in font Latin Modern Sans 8 Regular/O
T:script=latn;language=dflt;mapping=tex-text;!
Missing character: There is no  (U+2007) in font Latin Modern Sans 8 Regular/O
T:script=latn;language=dflt;mapping=tex-text;!
Missing character: There is no  (U+2007) in font Latin Modern Sans 8 Regular/O
T:script=latn;language=dflt;mapping=tex-text;!
Missing character: There is no  (U+2007) in font Latin Modern Sans 8 Regular/O
T:script=latn;language=dflt;mapping=tex-text;!
Missing character: There is no  (U+2007) in font Latin Modern Sans 8 Regular/O
T:script=latn;language=dflt;mapping=tex-text;!
Missing character: There is no  (U+2007) in font Latin Modern Sans 8 Regular/O
T:script=latn;language=dflt;mapping=tex-text;!
Missing character: There is no  (U+2007) in font Latin Modern Sans 10 Regular/
OT:script=latn;language=dflt;mapping=tex-text;!
Missing character: There is no  (U+2007) in font Latin Modern Sans 10 Regular/
OT:script=latn;language=dflt;mapping=tex-text;!
Missing character: There is no  (U+2007) in font Latin Modern Sans 10 Regular/
OT:script=latn;language=dflt;mapping=tex-text;!
Missing character: There is no  (U+2007) in font Latin Modern Sans 10 Regular/
OT:script=latn;language=dflt;mapping=tex-text;!
Missing character: There is no  (U+2007) in font Latin Modern Sans 10 Regular/
OT:script=latn;language=dflt;mapping=tex-text;!
Missing character: There is no  (U+2007) in font Latin Modern Sans 10 Regular/
OT:script=latn;language=dflt;mapping=tex-text;!
Missing character: There is no  (U+2007) in font Latin Modern Sans 10 Regular/
OT:script=latn;language=dflt;mapping=tex-text;!
Missing character: There is no  (U+2007) in font Latin Modern Sans 10 Regular/
OT:script=latn;language=dflt;mapping=tex-text;!
Missing character: There is no  (U+2007) in font Latin Modern Sans 10 Regular/
OT:script=latn;language=dflt;mapping=tex-text;!
Missing character: There is no  (U+2007) in font Latin Modern Sans 10 Regular/
OT:script=latn;language=dflt;mapping=tex-text;!
Missing character: There is no  (U+2007) in font Latin Modern Sans 10 Regular/
OT:script=latn;language=dflt;mapping=tex-text;!
Missing character: There is no  (U+2007) in font Latin Modern Sans 10 Regular/
OT:script=latn;language=dflt;mapping=tex-text;!
Missing character: There is no  (U+2007) in font Latin Modern Sans 8 Regular/O
T:script=latn;language=dflt;mapping=tex-text;!
Missing character: There is no  (U+2007) in font Latin Modern Sans 8 Regular/O
T:script=latn;language=dflt;mapping=tex-text;!
Missing character: There is no  (U+2007) in font Latin Modern Sans 8 Regular/O
T:script=latn;language=dflt;mapping=tex-text;!
Missing character: There is no  (U+2007) in font Latin Modern Sans 8 Regular/O
T:script=latn;language=dflt;mapping=tex-text;!
Missing character: There is no  (U+2007) in font Latin Modern Sans 8 Regular/O
T:script=latn;language=dflt;mapping=tex-text;!
Missing character: There is no  (U+2007) in font Latin Modern Sans 8 Regular/O
T:script=latn;language=dflt;mapping=tex-text;!
Missing character: There is no  (U+2007) in font Latin Modern Sans 8 Regular/O
T:script=latn;language=dflt;mapping=tex-text;!
Missing character: There is no  (U+2007) in font Latin Modern Sans 8 Regular/O
T:script=latn;language=dflt;mapping=tex-text;!
Missing character: There is no  (U+2007) in font Latin Modern Sans 8 Regular/O
T:script=latn;language=dflt;mapping=tex-text;!
Missing character: There is no  (U+2007) in font Latin Modern Sans 8 Regular/O
T:script=latn;language=dflt;mapping=tex-text;!
Missing character: There is no  (U+2007) in font Latin Modern Sans 8 Regular/O
T:script=latn;language=dflt;mapping=tex-text;!
Missing character: There is no  (U+2007) in font Latin Modern Sans 8 Regular/O
T:script=latn;language=dflt;mapping=tex-text;!
Missing character: There is no  (U+2007) in font Latin Modern Sans 10 Regular/
OT:script=latn;language=dflt;mapping=tex-text;!
Missing character: There is no  (U+2007) in font Latin Modern Sans 10 Regular/
OT:script=latn;language=dflt;mapping=tex-text;!
Missing character: There is no  (U+2007) in font Latin Modern Sans 10 Regular/
OT:script=latn;language=dflt;mapping=tex-text;!
Missing character: There is no  (U+2007) in font Latin Modern Sans 10 Regular/
OT:script=latn;language=dflt;mapping=tex-text;!
Missing character: There is no  (U+2007) in font Latin Modern Sans 10 Regular/
OT:script=latn;language=dflt;mapping=tex-text;!
Missing character: There is no  (U+2007) in font Latin Modern Sans 10 Regular/
OT:script=latn;language=dflt;mapping=tex-text;!
Missing character: There is no  (U+2007) in font Latin Modern Sans 10 Regular/
OT:script=latn;language=dflt;mapping=tex-text;!
Missing character: There is no  (U+2007) in font Latin Modern Sans 10 Regular/
OT:script=latn;language=dflt;mapping=tex-text;!
Missing character: There is no  (U+2007) in font Latin Modern Sans 8 Regular/O
T:script=latn;language=dflt;mapping=tex-text;!
Missing character: There is no  (U+2007) in font Latin Modern Sans 8 Regular/O
T:script=latn;language=dflt;mapping=tex-text;!
Missing character: There is no  (U+2007) in font Latin Modern Sans 8 Regular/O
T:script=latn;language=dflt;mapping=tex-text;!
Missing character: There is no  (U+2007) in font Latin Modern Sans 8 Regular/O
T:script=latn;language=dflt;mapping=tex-text;!
Missing character: There is no  (U+2007) in font Latin Modern Sans 8 Regular/O
T:script=latn;language=dflt;mapping=tex-text;!
Missing character: There is no  (U+2007) in font Latin Modern Sans 8 Regular/O
T:script=latn;language=dflt;mapping=tex-text;!
Missing character: There is no  (U+2007) in font Latin Modern Sans 8 Regular/O
T:script=latn;language=dflt;mapping=tex-text;!
Missing character: There is no  (U+2007) in font Latin Modern Sans 8 Regular/O
T:script=latn;language=dflt;mapping=tex-text;!
Missing character: There is no  (U+2007) in font Latin Modern Sans 10 Regular/
OT:script=latn;language=dflt;mapping=tex-text;!
Missing character: There is no  (U+2007) in font Latin Modern Sans 10 Regular/
OT:script=latn;language=dflt;mapping=tex-text;!
Missing character: There is no  (U+2007) in font Latin Modern Sans 10 Regular/
OT:script=latn;language=dflt;mapping=tex-text;!
Missing character: There is no  (U+2007) in font Latin Modern Sans 10 Regular/
OT:script=latn;language=dflt;mapping=tex-text;!
Missing character: There is no  (U+2007) in font Latin Modern Sans 10 Regular/
OT:script=latn;language=dflt;mapping=tex-text;!
Missing character: There is no  (U+2007) in font Latin Modern Sans 10 Regular/
OT:script=latn;language=dflt;mapping=tex-text;!
Missing character: There is no  (U+2007) in font Latin Modern Sans 10 Regular/
OT:script=latn;language=dflt;mapping=tex-text;!
Missing character: There is no  (U+2007) in font Latin Modern Sans 10 Regular/
OT:script=latn;language=dflt;mapping=tex-text;!
Missing character: There is no  (U+2007) in font Latin Modern Sans 10 Regular/
OT:script=latn;language=dflt;mapping=tex-text;!
Missing character: There is no  (U+2007) in font Latin Modern Sans 10 Regular/
OT:script=latn;language=dflt;mapping=tex-text;!
Missing character: There is no  (U+2007) in font Latin Modern Sans 10 Regular/
OT:script=latn;language=dflt;mapping=tex-text;!
Missing character: There is no  (U+2007) in font Latin Modern Sans 10 Regular/
OT:script=latn;language=dflt;mapping=tex-text;!
Missing character: There is no  (U+2007) in font Latin Modern Sans 8 Regular/O
T:script=latn;language=dflt;mapping=tex-text;!
Missing character: There is no  (U+2007) in font Latin Modern Sans 8 Regular/O
T:script=latn;language=dflt;mapping=tex-text;!
Missing character: There is no  (U+2007) in font Latin Modern Sans 8 Regular/O
T:script=latn;language=dflt;mapping=tex-text;!
Missing character: There is no  (U+2007) in font Latin Modern Sans 8 Regular/O
T:script=latn;language=dflt;mapping=tex-text;!
Missing character: There is no  (U+2007) in font Latin Modern Sans 8 Regular/O
T:script=latn;language=dflt;mapping=tex-text;!
Missing character: There is no  (U+2007) in font Latin Modern Sans 8 Regular/O
T:script=latn;language=dflt;mapping=tex-text;!
Missing character: There is no  (U+2007) in font Latin Modern Sans 8 Regular/O
T:script=latn;language=dflt;mapping=tex-text;!
Missing character: There is no  (U+2007) in font Latin Modern Sans 8 Regular/O
T:script=latn;language=dflt;mapping=tex-text;!
Missing character: There is no  (U+2007) in font Latin Modern Sans 8 Regular/O
T:script=latn;language=dflt;mapping=tex-text;!
Missing character: There is no  (U+2007) in font Latin Modern Sans 8 Regular/O
T:script=latn;language=dflt;mapping=tex-text;!
Missing character: There is no  (U+2007) in font Latin Modern Sans 8 Regular/O
T:script=latn;language=dflt;mapping=tex-text;!
Missing character: There is no  (U+2007) in font Latin Modern Sans 8 Regular/O
T:script=latn;language=dflt;mapping=tex-text;!
File: ./img/Level-set-method-for-topology-optimization.png Graphic file (type b
mp)
<./img/Level-set-method-for-topology-optimization.png>
)
File: ./img/logo.png Graphic file (type bmp)
<./img/logo.png>
 [84

]
File: ./img/logo.png Graphic file (type bmp)
<./img/logo.png>
 [85

]
File: ./img/logo.png Graphic file (type bmp)
<./img/logo.png>
 [86

]
\tf@nav=\write8
\openout8 = `beamer.nav'.

\tf@toc=\write9
\openout9 = `beamer.toc'.

\tf@snm=\write10
\openout10 = `beamer.snm'.

 (./beamer.aux)
 ***********
LaTeX2e <2023-11-01> patch level 1
L3 programming layer <2022/08/05>
 ***********


LaTeX Font Warning: Some font shapes were not available, defaults substituted.

Package rerunfilecheck Info: File `beamer.out' has not changed.
(rerunfilecheck)             Checksum: 694EF704311D5AD537A9AE90C03BB5A5;671.
Package logreq Info: Writing requests to 'beamer.run.xml'.
\openout1 = `beamer.run.xml'.

 ) 
Here is how much of TeX's memory you used:
 68045 strings out of 474878
 1596917 string characters out of 5762517
 2899838 words of memory out of 5000000
 88814 multiletter control sequences out of 15000+600000
 566395 words of font info for 161 fonts, out of 8000000 for 9000
 1348 hyphenation exceptions out of 8191
 142i,15n,139p,1862b,13427s stack positions out of 10000i,1000n,20000p,200000b,200000s

Output written on beamer.pdf (86 pages).
